-- Found ament_cmake: 2.3.0 (/opt/ros/rolling/share/ament_cmake/cmake)
-- Found ament_lint_auto: 0.16.0 (/opt/ros/rolling/share/ament_lint_auto/cmake)
-- Added test 'cppcheck' to perform static code analysis on C / C++ code
-- Configured cppcheck include dirs: 
-- Configured cppcheck exclude dirs and/or files: 
-- Added test 'flake8' to check Python code syntax and style conventions
-- Configured 'flake8' exclude dirs and/or files: 
-- Added test 'lint_cmake' to check CMake code style
-- Added test 'pep257' to check Python code against some of the docstring style conventions in PEP 257
-- Added test 'uncrustify' to check C / C++ code style
-- Configured uncrustify additional arguments: 
-- Added test 'xmllint' to check XML markup files
-- Configuring done
-- Generating done
-- Build files have been written to: /home/user/catkin_ws/src/build/launches
-- Install configuration: ""
-- Installing: /home/user/catkin_ws/src/install/launches/share/ament_index/resource_index/package_run_dependencies/launches
-- Up-to-date: /home/user/catkin_ws/src/install/launches/share/ament_index/resource_index/parent_prefix_path/launches
-- Up-to-date: /home/user/catkin_ws/src/install/launches/share/launches/environment/ament_prefix_path.sh
-- Up-to-date: /home/user/catkin_ws/src/install/launches/share/launches/environment/ament_prefix_path.dsv
-- Up-to-date: /home/user/catkin_ws/src/install/launches/share/launches/environment/path.sh
-- Up-to-date: /home/user/catkin_ws/src/install/launches/share/launches/environment/path.dsv
-- Up-to-date: /home/user/catkin_ws/src/install/launches/share/launches/local_setup.bash
-- Up-to-date: /home/user/catkin_ws/src/install/launches/share/launches/local_setup.sh
-- Up-to-date: /home/user/catkin_ws/src/install/launches/share/launches/local_setup.zsh
-- Up-to-date: /home/user/catkin_ws/src/install/launches/share/launches/local_setup.dsv
-- Installing: /home/user/catkin_ws/src/install/launches/share/launches/package.dsv
-- Up-to-date: /home/user/catkin_ws/src/install/launches/share/ament_index/resource_index/packages/launches
-- Up-to-date: /home/user/catkin_ws/src/install/launches/share/launches/cmake/launchesConfig.cmake
-- Up-to-date: /home/user/catkin_ws/src/install/launches/share/launches/cmake/launchesConfig-version.cmake
-- Installing: /home/user/catkin_ws/src/install/launches/share/launches/package.xml
