[0.068s] Invoking command in '/home/user/catkin_ws/src/build/launches': CMAKE_PREFIX_PATH=/opt/ros/rolling /usr/bin/cmake --build /home/user/catkin_ws/src/build/launches -- -j16 -l16
[0.117s] -- Found ament_cmake: 2.3.0 (/opt/ros/rolling/share/ament_cmake/cmake)
[0.219s] -- Found ament_lint_auto: 0.16.0 (/opt/ros/rolling/share/ament_lint_auto/cmake)
[0.300s] -- Added test 'cppcheck' to perform static code analysis on C / C++ code
[0.300s] -- Configured cppcheck include dirs: 
[0.300s] -- Configured cppcheck exclude dirs and/or files: 
[0.300s] -- Added test 'flake8' to check Python code syntax and style conventions
[0.300s] -- Configured 'flake8' exclude dirs and/or files: 
[0.300s] -- Added test 'lint_cmake' to check CMake code style
[0.300s] -- Added test 'pep257' to check Python code against some of the docstring style conventions in PEP 257
[0.301s] -- Added test 'uncrustify' to check C / C++ code style
[0.301s] -- Configured uncrustify additional arguments: 
[0.301s] -- Added test 'xmllint' to check XML markup files
[0.302s] -- Configuring done
[0.305s] -- Generating done
[0.305s] -- Build files have been written to: /home/user/catkin_ws/src/build/launches
[0.341s] Invoked command in '/home/user/catkin_ws/src/build/launches' returned '0': CMAKE_PREFIX_PATH=/opt/ros/rolling /usr/bin/cmake --build /home/user/catkin_ws/src/build/launches -- -j16 -l16
[0.354s] Invoking command in '/home/user/catkin_ws/src/build/launches': CMAKE_PREFIX_PATH=/opt/ros/rolling /usr/bin/cmake --install /home/user/catkin_ws/src/build/launches
[0.358s] -- Install configuration: ""
[0.359s] -- Installing: /home/user/catkin_ws/src/install/launches/share/ament_index/resource_index/package_run_dependencies/launches
[0.359s] -- Up-to-date: /home/user/catkin_ws/src/install/launches/share/ament_index/resource_index/parent_prefix_path/launches
[0.360s] -- Up-to-date: /home/user/catkin_ws/src/install/launches/share/launches/environment/ament_prefix_path.sh
[0.360s] -- Up-to-date: /home/user/catkin_ws/src/install/launches/share/launches/environment/ament_prefix_path.dsv
[0.360s] -- Up-to-date: /home/user/catkin_ws/src/install/launches/share/launches/environment/path.sh
[0.360s] -- Up-to-date: /home/user/catkin_ws/src/install/launches/share/launches/environment/path.dsv
[0.360s] -- Up-to-date: /home/user/catkin_ws/src/install/launches/share/launches/local_setup.bash
[0.360s] -- Up-to-date: /home/user/catkin_ws/src/install/launches/share/launches/local_setup.sh
[0.360s] -- Up-to-date: /home/user/catkin_ws/src/install/launches/share/launches/local_setup.zsh
[0.360s] -- Up-to-date: /home/user/catkin_ws/src/install/launches/share/launches/local_setup.dsv
[0.360s] -- Installing: /home/user/catkin_ws/src/install/launches/share/launches/package.dsv
[0.360s] -- Up-to-date: /home/user/catkin_ws/src/install/launches/share/ament_index/resource_index/packages/launches
[0.360s] -- Up-to-date: /home/user/catkin_ws/src/install/launches/share/launches/cmake/launchesConfig.cmake
[0.360s] -- Up-to-date: /home/user/catkin_ws/src/install/launches/share/launches/cmake/launchesConfig-version.cmake
[0.360s] -- Installing: /home/user/catkin_ws/src/install/launches/share/launches/package.xml
[0.385s] Invoked command in '/home/user/catkin_ws/src/build/launches' returned '0': CMAKE_PREFIX_PATH=/opt/ros/rolling /usr/bin/cmake --install /home/user/catkin_ws/src/build/launches
