[0.031s] Invoking command in '/home/user/catkin_ws/src/build/navigation': CMAKE_PREFIX_PATH=/opt/ros/rolling /usr/bin/cmake --build /home/user/catkin_ws/src/build/navigation -- -j16 -l16
[0.051s] Invoked command in '/home/user/catkin_ws/src/build/navigation' returned '0': CMAKE_PREFIX_PATH=/opt/ros/rolling /usr/bin/cmake --build /home/user/catkin_ws/src/build/navigation -- -j16 -l16
[0.067s] Invoking command in '/home/user/catkin_ws/src/build/navigation': CMAKE_PREFIX_PATH=/opt/ros/rolling /usr/bin/cmake --install /home/user/catkin_ws/src/build/navigation
[0.071s] -- Install configuration: ""
[0.071s] -- Up-to-date: /home/user/catkin_ws/src/install/navigation/share/ament_index/resource_index/package_run_dependencies/navigation
[0.071s] -- Up-to-date: /home/user/catkin_ws/src/install/navigation/share/ament_index/resource_index/parent_prefix_path/navigation
[0.071s] -- Up-to-date: /home/user/catkin_ws/src/install/navigation/share/navigation/environment/ament_prefix_path.sh
[0.071s] -- Up-to-date: /home/user/catkin_ws/src/install/navigation/share/navigation/environment/ament_prefix_path.dsv
[0.072s] -- Up-to-date: /home/user/catkin_ws/src/install/navigation/share/navigation/environment/path.sh
[0.072s] -- Up-to-date: /home/user/catkin_ws/src/install/navigation/share/navigation/environment/path.dsv
[0.072s] -- Up-to-date: /home/user/catkin_ws/src/install/navigation/share/navigation/local_setup.bash
[0.072s] -- Up-to-date: /home/user/catkin_ws/src/install/navigation/share/navigation/local_setup.sh
[0.072s] -- Up-to-date: /home/user/catkin_ws/src/install/navigation/share/navigation/local_setup.zsh
[0.072s] -- Up-to-date: /home/user/catkin_ws/src/install/navigation/share/navigation/local_setup.dsv
[0.072s] -- Installing: /home/user/catkin_ws/src/install/navigation/share/navigation/package.dsv
[0.072s] -- Up-to-date: /home/user/catkin_ws/src/install/navigation/share/ament_index/resource_index/packages/navigation
[0.072s] -- Up-to-date: /home/user/catkin_ws/src/install/navigation/share/navigation/cmake/navigationConfig.cmake
[0.072s] -- Up-to-date: /home/user/catkin_ws/src/install/navigation/share/navigation/cmake/navigationConfig-version.cmake
[0.072s] -- Up-to-date: /home/user/catkin_ws/src/install/navigation/share/navigation/package.xml
[0.100s] Invoked command in '/home/user/catkin_ws/src/build/navigation' returned '0': CMAKE_PREFIX_PATH=/opt/ros/rolling /usr/bin/cmake --install /home/user/catkin_ws/src/build/navigation
