[0.091s] Invoking command in '/home/user/catkin_ws/src/build/gazebo': CMAKE_PREFIX_PATH=/opt/ros/rolling /usr/bin/cmake /home/user/catkin_ws/src/gazebo -DCMAKE_INSTALL_PREFIX=/home/user/catkin_ws/src/install/gazebo
[0.174s] -- The C compiler identification is GNU 11.4.0
[0.236s] -- The CXX compiler identification is GNU 11.4.0
[0.243s] -- Detecting C compiler ABI info
[0.288s] -- Detecting C compiler ABI info - done
[0.293s] -- Check for working C compiler: /usr/bin/cc - skipped
[0.293s] -- Detecting C compile features
[0.294s] -- Detecting C compile features - done
[0.296s] -- Detecting CXX compiler ABI info
[0.349s] -- Detecting CXX compiler ABI info - done
[0.354s] -- Check for working CXX compiler: /usr/bin/c++ - skipped
[0.354s] -- Detecting CXX compile features
[0.354s] -- Detecting CXX compile features - done
[0.356s] -- Found ament_cmake: 2.3.0 (/opt/ros/rolling/share/ament_cmake/cmake)
[0.466s] -- Found Python3: /usr/bin/python3.10 (found version "3.10.12") found components: Interpreter 
[0.541s] -- Found ament_lint_auto: 0.16.0 (/opt/ros/rolling/share/ament_lint_auto/cmake)
[0.597s] -- Added test 'lint_cmake' to check CMake code style
[0.598s] -- Added test 'xmllint' to check XML markup files
[0.600s] -- Configuring done
[0.603s] -- Generating done
[0.604s] -- Build files have been written to: /home/user/catkin_ws/src/build/gazebo
[0.610s] Invoked command in '/home/user/catkin_ws/src/build/gazebo' returned '0': CMAKE_PREFIX_PATH=/opt/ros/rolling /usr/bin/cmake /home/user/catkin_ws/src/gazebo -DCMAKE_INSTALL_PREFIX=/home/user/catkin_ws/src/install/gazebo
[0.611s] Invoking command in '/home/user/catkin_ws/src/build/gazebo': CMAKE_PREFIX_PATH=/opt/ros/rolling /usr/bin/cmake --build /home/user/catkin_ws/src/build/gazebo -- -j16 -l16
[0.633s] Invoked command in '/home/user/catkin_ws/src/build/gazebo' returned '0': CMAKE_PREFIX_PATH=/opt/ros/rolling /usr/bin/cmake --build /home/user/catkin_ws/src/build/gazebo -- -j16 -l16
[0.651s] Invoking command in '/home/user/catkin_ws/src/build/gazebo': CMAKE_PREFIX_PATH=/opt/ros/rolling /usr/bin/cmake --install /home/user/catkin_ws/src/build/gazebo
[0.655s] -- Install configuration: ""
[0.655s] -- Installing: /home/user/catkin_ws/src/install/gazebo/share/ament_index/resource_index/package_run_dependencies/gazebo
[0.656s] -- Installing: /home/user/catkin_ws/src/install/gazebo/share/ament_index/resource_index/parent_prefix_path/gazebo
[0.656s] -- Installing: /home/user/catkin_ws/src/install/gazebo/share/gazebo/environment/ament_prefix_path.sh
[0.656s] -- Installing: /home/user/catkin_ws/src/install/gazebo/share/gazebo/environment/ament_prefix_path.dsv
[0.656s] -- Installing: /home/user/catkin_ws/src/install/gazebo/share/gazebo/environment/path.sh
[0.656s] -- Installing: /home/user/catkin_ws/src/install/gazebo/share/gazebo/environment/path.dsv
[0.656s] -- Installing: /home/user/catkin_ws/src/install/gazebo/share/gazebo/local_setup.bash
[0.656s] -- Installing: /home/user/catkin_ws/src/install/gazebo/share/gazebo/local_setup.sh
[0.656s] -- Installing: /home/user/catkin_ws/src/install/gazebo/share/gazebo/local_setup.zsh
[0.657s] -- Installing: /home/user/catkin_ws/src/install/gazebo/share/gazebo/local_setup.dsv
[0.657s] -- Installing: /home/user/catkin_ws/src/install/gazebo/share/gazebo/package.dsv
[0.657s] -- Installing: /home/user/catkin_ws/src/install/gazebo/share/ament_index/resource_index/packages/gazebo
[0.657s] -- Installing: /home/user/catkin_ws/src/install/gazebo/share/gazebo/cmake/gazeboConfig.cmake
[0.657s] -- Installing: /home/user/catkin_ws/src/install/gazebo/share/gazebo/cmake/gazeboConfig-version.cmake
[0.657s] -- Installing: /home/user/catkin_ws/src/install/gazebo/share/gazebo/package.xml
[0.756s] Invoked command in '/home/user/catkin_ws/src/build/gazebo' returned '0': CMAKE_PREFIX_PATH=/opt/ros/rolling /usr/bin/cmake --install /home/user/catkin_ws/src/build/gazebo
