[0.070s] Invoking command in '/home/user/catkin_ws/src/build/launches': CMAKE_PREFIX_PATH=/opt/ros/rolling /usr/bin/cmake --build /home/user/catkin_ws/src/build/launches -- -j16 -l16
[0.093s] Invoked command in '/home/user/catkin_ws/src/build/launches' returned '0': CMAKE_PREFIX_PATH=/opt/ros/rolling /usr/bin/cmake --build /home/user/catkin_ws/src/build/launches -- -j16 -l16
[0.111s] Invoking command in '/home/user/catkin_ws/src/build/launches': CMAKE_PREFIX_PATH=/opt/ros/rolling /usr/bin/cmake --install /home/user/catkin_ws/src/build/launches
[0.115s] -- Install configuration: ""
[0.116s] -- Up-to-date: /home/user/catkin_ws/src/install/launches/share/ament_index/resource_index/package_run_dependencies/launches
[0.116s] -- Up-to-date: /home/user/catkin_ws/src/install/launches/share/ament_index/resource_index/parent_prefix_path/launches
[0.116s] -- Up-to-date: /home/user/catkin_ws/src/install/launches/share/launches/environment/ament_prefix_path.sh
[0.116s] -- Up-to-date: /home/user/catkin_ws/src/install/launches/share/launches/environment/ament_prefix_path.dsv
[0.116s] -- Up-to-date: /home/user/catkin_ws/src/install/launches/share/launches/environment/path.sh
[0.116s] -- Up-to-date: /home/user/catkin_ws/src/install/launches/share/launches/environment/path.dsv
[0.116s] -- Up-to-date: /home/user/catkin_ws/src/install/launches/share/launches/local_setup.bash
[0.116s] -- Up-to-date: /home/user/catkin_ws/src/install/launches/share/launches/local_setup.sh
[0.116s] -- Up-to-date: /home/user/catkin_ws/src/install/launches/share/launches/local_setup.zsh
[0.116s] -- Up-to-date: /home/user/catkin_ws/src/install/launches/share/launches/local_setup.dsv
[0.116s] -- Installing: /home/user/catkin_ws/src/install/launches/share/launches/package.dsv
[0.116s] -- Up-to-date: /home/user/catkin_ws/src/install/launches/share/ament_index/resource_index/packages/launches
[0.116s] -- Up-to-date: /home/user/catkin_ws/src/install/launches/share/launches/cmake/launchesConfig.cmake
[0.116s] -- Up-to-date: /home/user/catkin_ws/src/install/launches/share/launches/cmake/launchesConfig-version.cmake
[0.116s] -- Up-to-date: /home/user/catkin_ws/src/install/launches/share/launches/package.xml
[0.188s] Invoked command in '/home/user/catkin_ws/src/build/launches' returned '0': CMAKE_PREFIX_PATH=/opt/ros/rolling /usr/bin/cmake --install /home/user/catkin_ws/src/build/launches
