[0.113s] Invoking command in '/home/user/catkin_ws/src/build/description': CMAKE_PREFIX_PATH=/opt/ros/rolling /usr/bin/cmake --build /home/user/catkin_ws/src/build/description -- -j16 -l16
[0.127s] -- Found ament_cmake: 2.3.0 (/opt/ros/rolling/share/ament_cmake/cmake)
[0.218s] -- Found ament_lint_auto: 0.16.0 (/opt/ros/rolling/share/ament_lint_auto/cmake)
[0.261s] -- Added test 'flake8' to check Python code syntax and style conventions
[0.261s] -- Configured 'flake8' exclude dirs and/or files: 
[0.261s] -- Added test 'lint_cmake' to check CMake code style
[0.261s] -- Added test 'pep257' to check Python code against some of the docstring style conventions in PEP 257
[0.263s] -- Added test 'xmllint' to check XML markup files
[0.263s] -- Configuring done
[0.265s] -- Generating done
[0.265s] -- Build files have been written to: /home/user/catkin_ws/src/build/description
[0.393s] Invoked command in '/home/user/catkin_ws/src/build/description' returned '0': CMAKE_PREFIX_PATH=/opt/ros/rolling /usr/bin/cmake --build /home/user/catkin_ws/src/build/description -- -j16 -l16
[0.407s] Invoking command in '/home/user/catkin_ws/src/build/description': CMAKE_PREFIX_PATH=/opt/ros/rolling /usr/bin/cmake --install /home/user/catkin_ws/src/build/description
[0.411s] -- Install configuration: ""
[0.411s] -- Up-to-date: /home/user/catkin_ws/src/install/description/share/ament_index/resource_index/package_run_dependencies/description
[0.411s] -- Up-to-date: /home/user/catkin_ws/src/install/description/share/ament_index/resource_index/parent_prefix_path/description
[0.411s] -- Up-to-date: /home/user/catkin_ws/src/install/description/share/description/environment/ament_prefix_path.sh
[0.411s] -- Up-to-date: /home/user/catkin_ws/src/install/description/share/description/environment/ament_prefix_path.dsv
[0.411s] -- Up-to-date: /home/user/catkin_ws/src/install/description/share/description/environment/path.sh
[0.411s] -- Up-to-date: /home/user/catkin_ws/src/install/description/share/description/environment/path.dsv
[0.411s] -- Up-to-date: /home/user/catkin_ws/src/install/description/share/description/local_setup.bash
[0.411s] -- Up-to-date: /home/user/catkin_ws/src/install/description/share/description/local_setup.sh
[0.411s] -- Up-to-date: /home/user/catkin_ws/src/install/description/share/description/local_setup.zsh
[0.411s] -- Up-to-date: /home/user/catkin_ws/src/install/description/share/description/local_setup.dsv
[0.411s] -- Installing: /home/user/catkin_ws/src/install/description/share/description/package.dsv
[0.411s] -- Up-to-date: /home/user/catkin_ws/src/install/description/share/ament_index/resource_index/packages/description
[0.411s] -- Up-to-date: /home/user/catkin_ws/src/install/description/share/description/cmake/descriptionConfig.cmake
[0.411s] -- Up-to-date: /home/user/catkin_ws/src/install/description/share/description/cmake/descriptionConfig-version.cmake
[0.411s] -- Installing: /home/user/catkin_ws/src/install/description/share/description/package.xml
[0.412s] Invoked command in '/home/user/catkin_ws/src/build/description' returned '0': CMAKE_PREFIX_PATH=/opt/ros/rolling /usr/bin/cmake --install /home/user/catkin_ws/src/build/description
