[0.587s] DEBUG:colcon:Command line arguments: ['/usr/bin/colcon', 'build']
[0.587s] DEBUG:colcon:Parsed command line arguments: Namespace(log_base=None, log_level=None, verb_name='build', build_base='build', install_base='install', merge_install=False, symlink_install=False, test_result_base=None, continue_on_error=False, executor='parallel', parallel_workers=16, event_handlers=None, ignore_user_meta=False, metas=['./colcon.meta'], base_paths=['.'], packages_ignore=None, packages_ignore_regex=None, paths=None, packages_up_to=None, packages_up_to_regex=None, packages_above=None, packages_above_and_dependencies=None, packages_above_depth=None, packages_select_by_dep=None, packages_skip_by_dep=None, packages_skip_up_to=None, packages_select_build_failed=False, packages_skip_build_finished=False, packages_select_test_failures=False, packages_skip_test_passed=False, packages_select=None, packages_skip=None, packages_select_regex=None, packages_skip_regex=None, packages_start=None, packages_end=None, cmake_args=None, cmake_target=None, cmake_target_skip_unavailable=False, cmake_clean_cache=False, cmake_clean_first=False, cmake_force_configure=False, ament_cmake_args=None, catkin_cmake_args=None, catkin_skip_building_tests=False, mixin_files=None, mixin=None, verb_parser=<colcon_mixin.mixin.mixin_argument.MixinArgumentDecorator object at 0x7f0a4dc63220>, verb_extension=<colcon_core.verb.build.BuildVerb object at 0x7f0a4dc60eb0>, main=<bound method BuildVerb.main of <colcon_core.verb.build.BuildVerb object at 0x7f0a4dc60eb0>>, mixin_verb=('build',))
[0.615s] Level 1:colcon.colcon_core.package_discovery:discover_packages(colcon_meta) check parameters
[0.615s] Level 1:colcon.colcon_core.package_discovery:discover_packages(recursive) check parameters
[0.615s] Level 1:colcon.colcon_core.package_discovery:discover_packages(ignore) check parameters
[0.615s] Level 1:colcon.colcon_core.package_discovery:discover_packages(path) check parameters
[0.615s] Level 1:colcon.colcon_core.package_discovery:discover_packages(colcon_meta) discover
[0.615s] Level 1:colcon.colcon_core.package_discovery:discover_packages(recursive) discover
[0.615s] INFO:colcon.colcon_core.package_discovery:Crawling recursively for packages in '/home/user/catkin_ws/src'
[0.615s] Level 1:colcon.colcon_core.package_identification:_identify(.) by extensions ['ignore', 'ignore_ament_install']
[0.615s] Level 1:colcon.colcon_core.package_identification:_identify(.) by extension 'ignore'
[0.615s] Level 1:colcon.colcon_core.package_identification:_identify(.) by extension 'ignore_ament_install'
[0.615s] Level 1:colcon.colcon_core.package_identification:_identify(.) by extensions ['colcon_pkg']
[0.615s] Level 1:colcon.colcon_core.package_identification:_identify(.) by extension 'colcon_pkg'
[0.615s] Level 1:colcon.colcon_core.package_identification:_identify(.) by extensions ['colcon_meta']
[0.615s] Level 1:colcon.colcon_core.package_identification:_identify(.) by extension 'colcon_meta'
[0.615s] Level 1:colcon.colcon_core.package_identification:_identify(.) by extensions ['ros']
[0.615s] Level 1:colcon.colcon_core.package_identification:_identify(.) by extension 'ros'
[0.622s] Level 1:colcon.colcon_core.package_identification:_identify(.) by extensions ['cmake', 'python']
[0.622s] Level 1:colcon.colcon_core.package_identification:_identify(.) by extension 'cmake'
[0.622s] Level 1:colcon.colcon_core.package_identification:_identify(.) by extension 'python'
[0.622s] Level 1:colcon.colcon_core.package_identification:_identify(.) by extensions ['python_setup_py']
[0.622s] Level 1:colcon.colcon_core.package_identification:_identify(.) by extension 'python_setup_py'
[0.622s] Level 1:colcon.colcon_core.package_identification:_identify(build) by extensions ['ignore', 'ignore_ament_install']
[0.622s] Level 1:colcon.colcon_core.package_identification:_identify(build) by extension 'ignore'
[0.622s] Level 1:colcon.colcon_core.package_identification:_identify(build) ignored
[0.623s] Level 1:colcon.colcon_core.package_identification:_identify(description) by extensions ['ignore', 'ignore_ament_install']
[0.623s] Level 1:colcon.colcon_core.package_identification:_identify(description) by extension 'ignore'
[0.623s] Level 1:colcon.colcon_core.package_identification:_identify(description) by extension 'ignore_ament_install'
[0.623s] Level 1:colcon.colcon_core.package_identification:_identify(description) by extensions ['colcon_pkg']
[0.623s] Level 1:colcon.colcon_core.package_identification:_identify(description) by extension 'colcon_pkg'
[0.623s] Level 1:colcon.colcon_core.package_identification:_identify(description) by extensions ['colcon_meta']
[0.623s] Level 1:colcon.colcon_core.package_identification:_identify(description) by extension 'colcon_meta'
[0.623s] Level 1:colcon.colcon_core.package_identification:_identify(description) by extensions ['ros']
[0.623s] Level 1:colcon.colcon_core.package_identification:_identify(description) by extension 'ros'
[0.625s] DEBUG:colcon.colcon_core.package_identification:Package 'description' with type 'ros.ament_cmake' and name 'description'
[0.625s] Level 1:colcon.colcon_core.package_identification:_identify(gazebo) by extensions ['ignore', 'ignore_ament_install']
[0.625s] Level 1:colcon.colcon_core.package_identification:_identify(gazebo) by extension 'ignore'
[0.625s] Level 1:colcon.colcon_core.package_identification:_identify(gazebo) by extension 'ignore_ament_install'
[0.625s] Level 1:colcon.colcon_core.package_identification:_identify(gazebo) by extensions ['colcon_pkg']
[0.625s] Level 1:colcon.colcon_core.package_identification:_identify(gazebo) by extension 'colcon_pkg'
[0.625s] Level 1:colcon.colcon_core.package_identification:_identify(gazebo) by extensions ['colcon_meta']
[0.625s] Level 1:colcon.colcon_core.package_identification:_identify(gazebo) by extension 'colcon_meta'
[0.625s] Level 1:colcon.colcon_core.package_identification:_identify(gazebo) by extensions ['ros']
[0.625s] Level 1:colcon.colcon_core.package_identification:_identify(gazebo) by extension 'ros'
[0.626s] DEBUG:colcon.colcon_core.package_identification:Package 'gazebo' with type 'ros.ament_cmake' and name 'gazebo'
[0.626s] Level 1:colcon.colcon_core.package_identification:_identify(install) by extensions ['ignore', 'ignore_ament_install']
[0.626s] Level 1:colcon.colcon_core.package_identification:_identify(install) by extension 'ignore'
[0.626s] Level 1:colcon.colcon_core.package_identification:_identify(install) ignored
[0.626s] Level 1:colcon.colcon_core.package_identification:_identify(launch) by extensions ['ignore', 'ignore_ament_install']
[0.626s] Level 1:colcon.colcon_core.package_identification:_identify(launch) by extension 'ignore'
[0.626s] Level 1:colcon.colcon_core.package_identification:_identify(launch) by extension 'ignore_ament_install'
[0.626s] Level 1:colcon.colcon_core.package_identification:_identify(launch) by extensions ['colcon_pkg']
[0.626s] Level 1:colcon.colcon_core.package_identification:_identify(launch) by extension 'colcon_pkg'
[0.626s] Level 1:colcon.colcon_core.package_identification:_identify(launch) by extensions ['colcon_meta']
[0.626s] Level 1:colcon.colcon_core.package_identification:_identify(launch) by extension 'colcon_meta'
[0.626s] Level 1:colcon.colcon_core.package_identification:_identify(launch) by extensions ['ros']
[0.626s] Level 1:colcon.colcon_core.package_identification:_identify(launch) by extension 'ros'
[0.627s] DEBUG:colcon.colcon_core.package_identification:Package 'launch' with type 'ros.ament_cmake' and name 'launches'
[0.627s] Level 1:colcon.colcon_core.package_identification:_identify(log) by extensions ['ignore', 'ignore_ament_install']
[0.627s] Level 1:colcon.colcon_core.package_identification:_identify(log) by extension 'ignore'
[0.627s] Level 1:colcon.colcon_core.package_identification:_identify(log) ignored
[0.627s] Level 1:colcon.colcon_core.package_identification:_identify(messages) by extensions ['ignore', 'ignore_ament_install']
[0.627s] Level 1:colcon.colcon_core.package_identification:_identify(messages) by extension 'ignore'
[0.627s] Level 1:colcon.colcon_core.package_identification:_identify(messages) by extension 'ignore_ament_install'
[0.627s] Level 1:colcon.colcon_core.package_identification:_identify(messages) by extensions ['colcon_pkg']
[0.627s] Level 1:colcon.colcon_core.package_identification:_identify(messages) by extension 'colcon_pkg'
[0.627s] Level 1:colcon.colcon_core.package_identification:_identify(messages) by extensions ['colcon_meta']
[0.627s] Level 1:colcon.colcon_core.package_identification:_identify(messages) by extension 'colcon_meta'
[0.627s] Level 1:colcon.colcon_core.package_identification:_identify(messages) by extensions ['ros']
[0.627s] Level 1:colcon.colcon_core.package_identification:_identify(messages) by extension 'ros'
[0.627s] DEBUG:colcon.colcon_core.package_identification:Package 'messages' with type 'ros.ament_cmake' and name 'messages'
[0.627s] Level 1:colcon.colcon_core.package_identification:_identify(navigation) by extensions ['ignore', 'ignore_ament_install']
[0.627s] Level 1:colcon.colcon_core.package_identification:_identify(navigation) by extension 'ignore'
[0.627s] Level 1:colcon.colcon_core.package_identification:_identify(navigation) by extension 'ignore_ament_install'
[0.627s] Level 1:colcon.colcon_core.package_identification:_identify(navigation) by extensions ['colcon_pkg']
[0.627s] Level 1:colcon.colcon_core.package_identification:_identify(navigation) by extension 'colcon_pkg'
[0.627s] Level 1:colcon.colcon_core.package_identification:_identify(navigation) by extensions ['colcon_meta']
[0.628s] Level 1:colcon.colcon_core.package_identification:_identify(navigation) by extension 'colcon_meta'
[0.628s] Level 1:colcon.colcon_core.package_identification:_identify(navigation) by extensions ['ros']
[0.628s] Level 1:colcon.colcon_core.package_identification:_identify(navigation) by extension 'ros'
[0.628s] DEBUG:colcon.colcon_core.package_identification:Package 'navigation' with type 'ros.ament_cmake' and name 'navigation'
[0.628s] Level 1:colcon.colcon_core.package_discovery:discover_packages(recursive) using defaults
[0.628s] Level 1:colcon.colcon_core.package_discovery:discover_packages(ignore) discover
[0.628s] Level 1:colcon.colcon_core.package_discovery:discover_packages(ignore) using defaults
[0.628s] Level 1:colcon.colcon_core.package_discovery:discover_packages(path) discover
[0.628s] Level 1:colcon.colcon_core.package_discovery:discover_packages(path) using defaults
[0.667s] Level 5:colcon.colcon_core.verb:set package 'description' build argument 'cmake_args' from command line to 'None'
[0.667s] Level 5:colcon.colcon_core.verb:set package 'description' build argument 'cmake_target' from command line to 'None'
[0.667s] Level 5:colcon.colcon_core.verb:set package 'description' build argument 'cmake_target_skip_unavailable' from command line to 'False'
[0.667s] Level 5:colcon.colcon_core.verb:set package 'description' build argument 'cmake_clean_cache' from command line to 'False'
[0.667s] Level 5:colcon.colcon_core.verb:set package 'description' build argument 'cmake_clean_first' from command line to 'False'
[0.667s] Level 5:colcon.colcon_core.verb:set package 'description' build argument 'cmake_force_configure' from command line to 'False'
[0.667s] Level 5:colcon.colcon_core.verb:set package 'description' build argument 'ament_cmake_args' from command line to 'None'
[0.667s] Level 5:colcon.colcon_core.verb:set package 'description' build argument 'catkin_cmake_args' from command line to 'None'
[0.667s] Level 5:colcon.colcon_core.verb:set package 'description' build argument 'catkin_skip_building_tests' from command line to 'False'
[0.667s] DEBUG:colcon.colcon_core.verb:Building package 'description' with the following arguments: {'ament_cmake_args': None, 'build_base': '/home/user/catkin_ws/src/build/description', 'catkin_cmake_args': None, 'catkin_skip_building_tests': False, 'cmake_args': None, 'cmake_clean_cache': False, 'cmake_clean_first': False, 'cmake_force_configure': False, 'cmake_target': None, 'cmake_target_skip_unavailable': False, 'install_base': '/home/user/catkin_ws/src/install/description', 'merge_install': False, 'path': '/home/user/catkin_ws/src/description', 'symlink_install': False, 'test_result_base': None}
[0.674s] Level 5:colcon.colcon_core.verb:set package 'gazebo' build argument 'cmake_args' from command line to 'None'
[0.674s] Level 5:colcon.colcon_core.verb:set package 'gazebo' build argument 'cmake_target' from command line to 'None'
[0.674s] Level 5:colcon.colcon_core.verb:set package 'gazebo' build argument 'cmake_target_skip_unavailable' from command line to 'False'
[0.674s] Level 5:colcon.colcon_core.verb:set package 'gazebo' build argument 'cmake_clean_cache' from command line to 'False'
[0.674s] Level 5:colcon.colcon_core.verb:set package 'gazebo' build argument 'cmake_clean_first' from command line to 'False'
[0.674s] Level 5:colcon.colcon_core.verb:set package 'gazebo' build argument 'cmake_force_configure' from command line to 'False'
[0.674s] Level 5:colcon.colcon_core.verb:set package 'gazebo' build argument 'ament_cmake_args' from command line to 'None'
[0.674s] Level 5:colcon.colcon_core.verb:set package 'gazebo' build argument 'catkin_cmake_args' from command line to 'None'
[0.674s] Level 5:colcon.colcon_core.verb:set package 'gazebo' build argument 'catkin_skip_building_tests' from command line to 'False'
[0.674s] DEBUG:colcon.colcon_core.verb:Building package 'gazebo' with the following arguments: {'ament_cmake_args': None, 'build_base': '/home/user/catkin_ws/src/build/gazebo', 'catkin_cmake_args': None, 'catkin_skip_building_tests': False, 'cmake_args': None, 'cmake_clean_cache': False, 'cmake_clean_first': False, 'cmake_force_configure': False, 'cmake_target': None, 'cmake_target_skip_unavailable': False, 'install_base': '/home/user/catkin_ws/src/install/gazebo', 'merge_install': False, 'path': '/home/user/catkin_ws/src/gazebo', 'symlink_install': False, 'test_result_base': None}
[0.680s] Level 5:colcon.colcon_core.verb:set package 'launches' build argument 'cmake_args' from command line to 'None'
[0.680s] Level 5:colcon.colcon_core.verb:set package 'launches' build argument 'cmake_target' from command line to 'None'
[0.680s] Level 5:colcon.colcon_core.verb:set package 'launches' build argument 'cmake_target_skip_unavailable' from command line to 'False'
[0.680s] Level 5:colcon.colcon_core.verb:set package 'launches' build argument 'cmake_clean_cache' from command line to 'False'
[0.680s] Level 5:colcon.colcon_core.verb:set package 'launches' build argument 'cmake_clean_first' from command line to 'False'
[0.680s] Level 5:colcon.colcon_core.verb:set package 'launches' build argument 'cmake_force_configure' from command line to 'False'
[0.680s] Level 5:colcon.colcon_core.verb:set package 'launches' build argument 'ament_cmake_args' from command line to 'None'
[0.680s] Level 5:colcon.colcon_core.verb:set package 'launches' build argument 'catkin_cmake_args' from command line to 'None'
[0.680s] Level 5:colcon.colcon_core.verb:set package 'launches' build argument 'catkin_skip_building_tests' from command line to 'False'
[0.680s] DEBUG:colcon.colcon_core.verb:Building package 'launches' with the following arguments: {'ament_cmake_args': None, 'build_base': '/home/user/catkin_ws/src/build/launches', 'catkin_cmake_args': None, 'catkin_skip_building_tests': False, 'cmake_args': None, 'cmake_clean_cache': False, 'cmake_clean_first': False, 'cmake_force_configure': False, 'cmake_target': None, 'cmake_target_skip_unavailable': False, 'install_base': '/home/user/catkin_ws/src/install/launches', 'merge_install': False, 'path': '/home/user/catkin_ws/src/launch', 'symlink_install': False, 'test_result_base': None}
[0.687s] Level 5:colcon.colcon_core.verb:set package 'messages' build argument 'cmake_args' from command line to 'None'
[0.687s] Level 5:colcon.colcon_core.verb:set package 'messages' build argument 'cmake_target' from command line to 'None'
[0.687s] Level 5:colcon.colcon_core.verb:set package 'messages' build argument 'cmake_target_skip_unavailable' from command line to 'False'
[0.687s] Level 5:colcon.colcon_core.verb:set package 'messages' build argument 'cmake_clean_cache' from command line to 'False'
[0.687s] Level 5:colcon.colcon_core.verb:set package 'messages' build argument 'cmake_clean_first' from command line to 'False'
[0.687s] Level 5:colcon.colcon_core.verb:set package 'messages' build argument 'cmake_force_configure' from command line to 'False'
[0.687s] Level 5:colcon.colcon_core.verb:set package 'messages' build argument 'ament_cmake_args' from command line to 'None'
[0.687s] Level 5:colcon.colcon_core.verb:set package 'messages' build argument 'catkin_cmake_args' from command line to 'None'
[0.687s] Level 5:colcon.colcon_core.verb:set package 'messages' build argument 'catkin_skip_building_tests' from command line to 'False'
[0.687s] DEBUG:colcon.colcon_core.verb:Building package 'messages' with the following arguments: {'ament_cmake_args': None, 'build_base': '/home/user/catkin_ws/src/build/messages', 'catkin_cmake_args': None, 'catkin_skip_building_tests': False, 'cmake_args': None, 'cmake_clean_cache': False, 'cmake_clean_first': False, 'cmake_force_configure': False, 'cmake_target': None, 'cmake_target_skip_unavailable': False, 'install_base': '/home/user/catkin_ws/src/install/messages', 'merge_install': False, 'path': '/home/user/catkin_ws/src/messages', 'symlink_install': False, 'test_result_base': None}
[0.694s] Level 5:colcon.colcon_core.verb:set package 'navigation' build argument 'cmake_args' from command line to 'None'
[0.694s] Level 5:colcon.colcon_core.verb:set package 'navigation' build argument 'cmake_target' from command line to 'None'
[0.694s] Level 5:colcon.colcon_core.verb:set package 'navigation' build argument 'cmake_target_skip_unavailable' from command line to 'False'
[0.694s] Level 5:colcon.colcon_core.verb:set package 'navigation' build argument 'cmake_clean_cache' from command line to 'False'
[0.694s] Level 5:colcon.colcon_core.verb:set package 'navigation' build argument 'cmake_clean_first' from command line to 'False'
[0.694s] Level 5:colcon.colcon_core.verb:set package 'navigation' build argument 'cmake_force_configure' from command line to 'False'
[0.694s] Level 5:colcon.colcon_core.verb:set package 'navigation' build argument 'ament_cmake_args' from command line to 'None'
[0.694s] Level 5:colcon.colcon_core.verb:set package 'navigation' build argument 'catkin_cmake_args' from command line to 'None'
[0.694s] Level 5:colcon.colcon_core.verb:set package 'navigation' build argument 'catkin_skip_building_tests' from command line to 'False'
[0.694s] DEBUG:colcon.colcon_core.verb:Building package 'navigation' with the following arguments: {'ament_cmake_args': None, 'build_base': '/home/user/catkin_ws/src/build/navigation', 'catkin_cmake_args': None, 'catkin_skip_building_tests': False, 'cmake_args': None, 'cmake_clean_cache': False, 'cmake_clean_first': False, 'cmake_force_configure': False, 'cmake_target': None, 'cmake_target_skip_unavailable': False, 'install_base': '/home/user/catkin_ws/src/install/navigation', 'merge_install': False, 'path': '/home/user/catkin_ws/src/navigation', 'symlink_install': False, 'test_result_base': None}
[0.701s] INFO:colcon.colcon_core.executor:Executing jobs using 'parallel' executor
[0.708s] DEBUG:colcon.colcon_parallel_executor.executor.parallel:run_until_complete
[0.708s] INFO:colcon.colcon_ros.task.ament_cmake.build:Building ROS package in '/home/user/catkin_ws/src/description' with build type 'ament_cmake'
[0.708s] INFO:colcon.colcon_cmake.task.cmake.build:Building CMake package in '/home/user/catkin_ws/src/description'
[0.716s] INFO:colcon.colcon_core.plugin_system:Skipping extension 'colcon_core.shell.bat': Not used on non-Windows systems
[0.716s] INFO:colcon.colcon_core.shell:Skip shell extension 'powershell' for command environment: Not usable outside of PowerShell
[0.716s] DEBUG:colcon.colcon_core.shell:Skip shell extension 'dsv' for command environment
[0.732s] INFO:colcon.colcon_ros.task.ament_cmake.build:Building ROS package in '/home/user/catkin_ws/src/gazebo' with build type 'ament_cmake'
[0.732s] INFO:colcon.colcon_cmake.task.cmake.build:Building CMake package in '/home/user/catkin_ws/src/gazebo'
[0.739s] INFO:colcon.colcon_core.shell:Skip shell extension 'powershell' for command environment: Not usable outside of PowerShell
[0.739s] DEBUG:colcon.colcon_core.shell:Skip shell extension 'dsv' for command environment
[0.754s] INFO:colcon.colcon_ros.task.ament_cmake.build:Building ROS package in '/home/user/catkin_ws/src/launch' with build type 'ament_cmake'
[0.754s] INFO:colcon.colcon_cmake.task.cmake.build:Building CMake package in '/home/user/catkin_ws/src/launch'
[0.761s] INFO:colcon.colcon_core.shell:Skip shell extension 'powershell' for command environment: Not usable outside of PowerShell
[0.761s] DEBUG:colcon.colcon_core.shell:Skip shell extension 'dsv' for command environment
[0.776s] INFO:colcon.colcon_ros.task.ament_cmake.build:Building ROS package in '/home/user/catkin_ws/src/messages' with build type 'ament_cmake'
[0.776s] INFO:colcon.colcon_cmake.task.cmake.build:Building CMake package in '/home/user/catkin_ws/src/messages'
[0.783s] INFO:colcon.colcon_core.shell:Skip shell extension 'powershell' for command environment: Not usable outside of PowerShell
[0.783s] DEBUG:colcon.colcon_core.shell:Skip shell extension 'dsv' for command environment
[0.797s] INFO:colcon.colcon_ros.task.ament_cmake.build:Building ROS package in '/home/user/catkin_ws/src/navigation' with build type 'ament_cmake'
[0.797s] INFO:colcon.colcon_cmake.task.cmake.build:Building CMake package in '/home/user/catkin_ws/src/navigation'
[0.804s] INFO:colcon.colcon_core.shell:Skip shell extension 'powershell' for command environment: Not usable outside of PowerShell
[0.804s] DEBUG:colcon.colcon_core.shell:Skip shell extension 'dsv' for command environment
[0.821s] DEBUG:colcon.colcon_core.event_handler.log_command:Invoking command in '/home/user/catkin_ws/src/build/description': CMAKE_PREFIX_PATH=/opt/ros/rolling /usr/bin/cmake /home/user/catkin_ws/src/description -DCMAKE_INSTALL_PREFIX=/home/user/catkin_ws/src/install/description
[0.824s] DEBUG:colcon.colcon_core.event_handler.log_command:Invoking command in '/home/user/catkin_ws/src/build/gazebo': CMAKE_PREFIX_PATH=/opt/ros/rolling /usr/bin/cmake /home/user/catkin_ws/src/gazebo -DCMAKE_INSTALL_PREFIX=/home/user/catkin_ws/src/install/gazebo
[0.825s] DEBUG:colcon.colcon_core.event_handler.log_command:Invoking command in '/home/user/catkin_ws/src/build/launches': CMAKE_PREFIX_PATH=/opt/ros/rolling /usr/bin/cmake /home/user/catkin_ws/src/launch -DCMAKE_INSTALL_PREFIX=/home/user/catkin_ws/src/install/launches
[0.825s] DEBUG:colcon.colcon_core.event_handler.log_command:Invoking command in '/home/user/catkin_ws/src/build/messages': CMAKE_PREFIX_PATH=/opt/ros/rolling /usr/bin/cmake /home/user/catkin_ws/src/messages -DCMAKE_INSTALL_PREFIX=/home/user/catkin_ws/src/install/messages
[0.828s] DEBUG:colcon.colcon_core.event_handler.log_command:Invoking command in '/home/user/catkin_ws/src/build/navigation': CMAKE_PREFIX_PATH=/opt/ros/rolling /usr/bin/cmake /home/user/catkin_ws/src/navigation -DCMAKE_INSTALL_PREFIX=/home/user/catkin_ws/src/install/navigation
[1.340s] DEBUG:colcon.colcon_core.event_handler.log_command:Invoked command in '/home/user/catkin_ws/src/build/description' returned '0': CMAKE_PREFIX_PATH=/opt/ros/rolling /usr/bin/cmake /home/user/catkin_ws/src/description -DCMAKE_INSTALL_PREFIX=/home/user/catkin_ws/src/install/description
[1.341s] DEBUG:colcon.colcon_core.event_handler.log_command:Invoking command in '/home/user/catkin_ws/src/build/description': CMAKE_PREFIX_PATH=/opt/ros/rolling /usr/bin/cmake --build /home/user/catkin_ws/src/build/description -- -j16 -l16
[1.342s] DEBUG:colcon.colcon_core.event_handler.log_command:Invoked command in '/home/user/catkin_ws/src/build/messages' returned '0': CMAKE_PREFIX_PATH=/opt/ros/rolling /usr/bin/cmake /home/user/catkin_ws/src/messages -DCMAKE_INSTALL_PREFIX=/home/user/catkin_ws/src/install/messages
[1.343s] DEBUG:colcon.colcon_core.event_handler.log_command:Invoking command in '/home/user/catkin_ws/src/build/messages': CMAKE_PREFIX_PATH=/opt/ros/rolling /usr/bin/cmake --build /home/user/catkin_ws/src/build/messages -- -j16 -l16
[1.343s] DEBUG:colcon.colcon_core.event_handler.log_command:Invoked command in '/home/user/catkin_ws/src/build/gazebo' returned '0': CMAKE_PREFIX_PATH=/opt/ros/rolling /usr/bin/cmake /home/user/catkin_ws/src/gazebo -DCMAKE_INSTALL_PREFIX=/home/user/catkin_ws/src/install/gazebo
[1.344s] DEBUG:colcon.colcon_core.event_handler.log_command:Invoking command in '/home/user/catkin_ws/src/build/gazebo': CMAKE_PREFIX_PATH=/opt/ros/rolling /usr/bin/cmake --build /home/user/catkin_ws/src/build/gazebo -- -j16 -l16
[1.344s] DEBUG:colcon.colcon_core.event_handler.log_command:Invoked command in '/home/user/catkin_ws/src/build/navigation' returned '0': CMAKE_PREFIX_PATH=/opt/ros/rolling /usr/bin/cmake /home/user/catkin_ws/src/navigation -DCMAKE_INSTALL_PREFIX=/home/user/catkin_ws/src/install/navigation
[1.344s] DEBUG:colcon.colcon_core.event_handler.log_command:Invoking command in '/home/user/catkin_ws/src/build/navigation': CMAKE_PREFIX_PATH=/opt/ros/rolling /usr/bin/cmake --build /home/user/catkin_ws/src/build/navigation -- -j16 -l16
[1.344s] DEBUG:colcon.colcon_core.event_handler.log_command:Invoked command in '/home/user/catkin_ws/src/build/launches' returned '0': CMAKE_PREFIX_PATH=/opt/ros/rolling /usr/bin/cmake /home/user/catkin_ws/src/launch -DCMAKE_INSTALL_PREFIX=/home/user/catkin_ws/src/install/launches
[1.345s] DEBUG:colcon.colcon_core.event_handler.log_command:Invoking command in '/home/user/catkin_ws/src/build/launches': CMAKE_PREFIX_PATH=/opt/ros/rolling /usr/bin/cmake --build /home/user/catkin_ws/src/build/launches -- -j16 -l16
[1.364s] DEBUG:colcon.colcon_core.event_handler.log_command:Invoked command in '/home/user/catkin_ws/src/build/description' returned '0': CMAKE_PREFIX_PATH=/opt/ros/rolling /usr/bin/cmake --build /home/user/catkin_ws/src/build/description -- -j16 -l16
[1.365s] DEBUG:colcon.colcon_core.event_handler.log_command:Invoked command in '/home/user/catkin_ws/src/build/messages' returned '0': CMAKE_PREFIX_PATH=/opt/ros/rolling /usr/bin/cmake --build /home/user/catkin_ws/src/build/messages -- -j16 -l16
[1.366s] DEBUG:colcon.colcon_core.event_handler.log_command:Invoked command in '/home/user/catkin_ws/src/build/gazebo' returned '0': CMAKE_PREFIX_PATH=/opt/ros/rolling /usr/bin/cmake --build /home/user/catkin_ws/src/build/gazebo -- -j16 -l16
[1.367s] DEBUG:colcon.colcon_core.event_handler.log_command:Invoked command in '/home/user/catkin_ws/src/build/navigation' returned '0': CMAKE_PREFIX_PATH=/opt/ros/rolling /usr/bin/cmake --build /home/user/catkin_ws/src/build/navigation -- -j16 -l16
[1.367s] DEBUG:colcon.colcon_core.event_handler.log_command:Invoked command in '/home/user/catkin_ws/src/build/launches' returned '0': CMAKE_PREFIX_PATH=/opt/ros/rolling /usr/bin/cmake --build /home/user/catkin_ws/src/build/launches -- -j16 -l16
[1.381s] DEBUG:colcon.colcon_core.event_handler.log_command:Invoking command in '/home/user/catkin_ws/src/build/description': CMAKE_PREFIX_PATH=/opt/ros/rolling /usr/bin/cmake --install /home/user/catkin_ws/src/build/description
[1.382s] DEBUG:colcon.colcon_core.event_handler.log_command:Invoking command in '/home/user/catkin_ws/src/build/messages': CMAKE_PREFIX_PATH=/opt/ros/rolling /usr/bin/cmake --install /home/user/catkin_ws/src/build/messages
[1.383s] DEBUG:colcon.colcon_core.event_handler.log_command:Invoking command in '/home/user/catkin_ws/src/build/navigation': CMAKE_PREFIX_PATH=/opt/ros/rolling /usr/bin/cmake --install /home/user/catkin_ws/src/build/navigation
[1.384s] DEBUG:colcon.colcon_core.event_handler.log_command:Invoking command in '/home/user/catkin_ws/src/build/gazebo': CMAKE_PREFIX_PATH=/opt/ros/rolling /usr/bin/cmake --install /home/user/catkin_ws/src/build/gazebo
[1.384s] DEBUG:colcon.colcon_core.event_handler.log_command:Invoking command in '/home/user/catkin_ws/src/build/launches': CMAKE_PREFIX_PATH=/opt/ros/rolling /usr/bin/cmake --install /home/user/catkin_ws/src/build/launches
[1.390s] Level 1:colcon.colcon_core.environment:create_environment_scripts_only(description)
[1.390s] DEBUG:colcon.colcon_core.event_handler.log_command:Invoked command in '/home/user/catkin_ws/src/build/description' returned '0': CMAKE_PREFIX_PATH=/opt/ros/rolling /usr/bin/cmake --install /home/user/catkin_ws/src/build/description
[1.401s] Level 1:colcon.colcon_core.environment:checking '/home/user/catkin_ws/src/install/description' for CMake module files
[1.401s] Level 1:colcon.colcon_core.environment:checking '/home/user/catkin_ws/src/install/description' for CMake config files
[1.401s] Level 1:colcon.colcon_core.shell:create_environment_hook('description', 'cmake_prefix_path')
[1.408s] INFO:colcon.colcon_core.shell:Creating environment hook '/home/user/catkin_ws/src/install/description/share/description/hook/cmake_prefix_path.ps1'
[1.409s] INFO:colcon.colcon_core.shell:Creating environment descriptor '/home/user/catkin_ws/src/install/description/share/description/hook/cmake_prefix_path.dsv'
[1.409s] INFO:colcon.colcon_core.shell:Creating environment hook '/home/user/catkin_ws/src/install/description/share/description/hook/cmake_prefix_path.sh'
[1.410s] Level 1:colcon.colcon_core.environment:checking '/home/user/catkin_ws/src/install/description/bin'
[1.410s] Level 1:colcon.colcon_core.environment:checking '/home/user/catkin_ws/src/install/description/lib/pkgconfig/description.pc'
[1.411s] Level 1:colcon.colcon_core.environment:checking '/home/user/catkin_ws/src/install/description/lib/python3.10/site-packages'
[1.411s] Level 1:colcon.colcon_core.environment:checking '/home/user/catkin_ws/src/install/description/bin'
[1.418s] INFO:colcon.colcon_core.shell:Creating package script '/home/user/catkin_ws/src/install/description/share/description/package.ps1'
[1.418s] INFO:colcon.colcon_core.shell:Creating package descriptor '/home/user/catkin_ws/src/install/description/share/description/package.dsv'
[1.418s] INFO:colcon.colcon_core.shell:Creating package script '/home/user/catkin_ws/src/install/description/share/description/package.sh'
[1.419s] INFO:colcon.colcon_core.shell:Creating package script '/home/user/catkin_ws/src/install/description/share/description/package.bash'
[1.419s] INFO:colcon.colcon_core.shell:Creating package script '/home/user/catkin_ws/src/install/description/share/description/package.zsh'
[1.420s] Level 1:colcon.colcon_core.environment:create_file_with_runtime_dependencies(/home/user/catkin_ws/src/install/description/share/colcon-core/packages/description)
[1.421s] Level 1:colcon.colcon_core.environment:create_environment_scripts_only(messages)
[1.422s] DEBUG:colcon.colcon_core.event_handler.log_command:Invoked command in '/home/user/catkin_ws/src/build/messages' returned '0': CMAKE_PREFIX_PATH=/opt/ros/rolling /usr/bin/cmake --install /home/user/catkin_ws/src/build/messages
[1.428s] Level 1:colcon.colcon_core.environment:checking '/home/user/catkin_ws/src/install/messages' for CMake module files
[1.428s] Level 1:colcon.colcon_core.environment:checking '/home/user/catkin_ws/src/install/messages' for CMake config files
[1.428s] Level 1:colcon.colcon_core.shell:create_environment_hook('messages', 'cmake_prefix_path')
[1.435s] INFO:colcon.colcon_core.shell:Creating environment hook '/home/user/catkin_ws/src/install/messages/share/messages/hook/cmake_prefix_path.ps1'
[1.435s] INFO:colcon.colcon_core.shell:Creating environment descriptor '/home/user/catkin_ws/src/install/messages/share/messages/hook/cmake_prefix_path.dsv'
[1.435s] INFO:colcon.colcon_core.shell:Creating environment hook '/home/user/catkin_ws/src/install/messages/share/messages/hook/cmake_prefix_path.sh'
[1.435s] Level 1:colcon.colcon_core.environment:checking '/home/user/catkin_ws/src/install/messages/bin'
[1.435s] Level 1:colcon.colcon_core.environment:checking '/home/user/catkin_ws/src/install/messages/lib/pkgconfig/messages.pc'
[1.436s] Level 1:colcon.colcon_core.environment:checking '/home/user/catkin_ws/src/install/messages/lib/python3.10/site-packages'
[1.436s] Level 1:colcon.colcon_core.environment:checking '/home/user/catkin_ws/src/install/messages/bin'
[1.442s] INFO:colcon.colcon_core.shell:Creating package script '/home/user/catkin_ws/src/install/messages/share/messages/package.ps1'
[1.442s] INFO:colcon.colcon_core.shell:Creating package descriptor '/home/user/catkin_ws/src/install/messages/share/messages/package.dsv'
[1.442s] INFO:colcon.colcon_core.shell:Creating package script '/home/user/catkin_ws/src/install/messages/share/messages/package.sh'
[1.443s] INFO:colcon.colcon_core.shell:Creating package script '/home/user/catkin_ws/src/install/messages/share/messages/package.bash'
[1.443s] INFO:colcon.colcon_core.shell:Creating package script '/home/user/catkin_ws/src/install/messages/share/messages/package.zsh'
[1.443s] Level 1:colcon.colcon_core.environment:create_file_with_runtime_dependencies(/home/user/catkin_ws/src/install/messages/share/colcon-core/packages/messages)
[1.444s] Level 1:colcon.colcon_core.environment:create_environment_scripts_only(launches)
[1.444s] DEBUG:colcon.colcon_core.event_handler.log_command:Invoked command in '/home/user/catkin_ws/src/build/launches' returned '0': CMAKE_PREFIX_PATH=/opt/ros/rolling /usr/bin/cmake --install /home/user/catkin_ws/src/build/launches
[1.451s] Level 1:colcon.colcon_core.environment:checking '/home/user/catkin_ws/src/install/launches' for CMake module files
[1.451s] Level 1:colcon.colcon_core.environment:checking '/home/user/catkin_ws/src/install/launches' for CMake config files
[1.451s] Level 1:colcon.colcon_core.shell:create_environment_hook('launches', 'cmake_prefix_path')
[1.458s] INFO:colcon.colcon_core.shell:Creating environment hook '/home/user/catkin_ws/src/install/launches/share/launches/hook/cmake_prefix_path.ps1'
[1.458s] INFO:colcon.colcon_core.shell:Creating environment descriptor '/home/user/catkin_ws/src/install/launches/share/launches/hook/cmake_prefix_path.dsv'
[1.458s] INFO:colcon.colcon_core.shell:Creating environment hook '/home/user/catkin_ws/src/install/launches/share/launches/hook/cmake_prefix_path.sh'
[1.459s] Level 1:colcon.colcon_core.environment:checking '/home/user/catkin_ws/src/install/launches/bin'
[1.459s] Level 1:colcon.colcon_core.environment:checking '/home/user/catkin_ws/src/install/launches/lib/pkgconfig/launches.pc'
[1.459s] Level 1:colcon.colcon_core.environment:checking '/home/user/catkin_ws/src/install/launches/lib/python3.10/site-packages'
[1.459s] Level 1:colcon.colcon_core.environment:checking '/home/user/catkin_ws/src/install/launches/bin'
[1.465s] INFO:colcon.colcon_core.shell:Creating package script '/home/user/catkin_ws/src/install/launches/share/launches/package.ps1'
[1.465s] INFO:colcon.colcon_core.shell:Creating package descriptor '/home/user/catkin_ws/src/install/launches/share/launches/package.dsv'
[1.466s] INFO:colcon.colcon_core.shell:Creating package script '/home/user/catkin_ws/src/install/launches/share/launches/package.sh'
[1.466s] INFO:colcon.colcon_core.shell:Creating package script '/home/user/catkin_ws/src/install/launches/share/launches/package.bash'
[1.466s] INFO:colcon.colcon_core.shell:Creating package script '/home/user/catkin_ws/src/install/launches/share/launches/package.zsh'
[1.466s] Level 1:colcon.colcon_core.environment:create_file_with_runtime_dependencies(/home/user/catkin_ws/src/install/launches/share/colcon-core/packages/launches)
[1.467s] Level 1:colcon.colcon_core.environment:create_environment_scripts_only(navigation)
[1.467s] DEBUG:colcon.colcon_core.event_handler.log_command:Invoked command in '/home/user/catkin_ws/src/build/navigation' returned '0': CMAKE_PREFIX_PATH=/opt/ros/rolling /usr/bin/cmake --install /home/user/catkin_ws/src/build/navigation
[1.473s] Level 1:colcon.colcon_core.environment:checking '/home/user/catkin_ws/src/install/navigation' for CMake module files
[1.473s] Level 1:colcon.colcon_core.environment:checking '/home/user/catkin_ws/src/install/navigation' for CMake config files
[1.473s] Level 1:colcon.colcon_core.shell:create_environment_hook('navigation', 'cmake_prefix_path')
[1.480s] INFO:colcon.colcon_core.shell:Creating environment hook '/home/user/catkin_ws/src/install/navigation/share/navigation/hook/cmake_prefix_path.ps1'
[1.480s] INFO:colcon.colcon_core.shell:Creating environment descriptor '/home/user/catkin_ws/src/install/navigation/share/navigation/hook/cmake_prefix_path.dsv'
[1.480s] INFO:colcon.colcon_core.shell:Creating environment hook '/home/user/catkin_ws/src/install/navigation/share/navigation/hook/cmake_prefix_path.sh'
[1.480s] Level 1:colcon.colcon_core.environment:checking '/home/user/catkin_ws/src/install/navigation/bin'
[1.480s] Level 1:colcon.colcon_core.environment:checking '/home/user/catkin_ws/src/install/navigation/lib/pkgconfig/navigation.pc'
[1.481s] Level 1:colcon.colcon_core.environment:checking '/home/user/catkin_ws/src/install/navigation/lib/python3.10/site-packages'
[1.481s] Level 1:colcon.colcon_core.environment:checking '/home/user/catkin_ws/src/install/navigation/bin'
[1.487s] INFO:colcon.colcon_core.shell:Creating package script '/home/user/catkin_ws/src/install/navigation/share/navigation/package.ps1'
[1.487s] INFO:colcon.colcon_core.shell:Creating package descriptor '/home/user/catkin_ws/src/install/navigation/share/navigation/package.dsv'
[1.487s] INFO:colcon.colcon_core.shell:Creating package script '/home/user/catkin_ws/src/install/navigation/share/navigation/package.sh'
[1.487s] INFO:colcon.colcon_core.shell:Creating package script '/home/user/catkin_ws/src/install/navigation/share/navigation/package.bash'
[1.488s] INFO:colcon.colcon_core.shell:Creating package script '/home/user/catkin_ws/src/install/navigation/share/navigation/package.zsh'
[1.488s] Level 1:colcon.colcon_core.environment:create_file_with_runtime_dependencies(/home/user/catkin_ws/src/install/navigation/share/colcon-core/packages/navigation)
[1.489s] Level 1:colcon.colcon_core.environment:create_environment_scripts_only(gazebo)
[1.489s] DEBUG:colcon.colcon_core.event_handler.log_command:Invoked command in '/home/user/catkin_ws/src/build/gazebo' returned '0': CMAKE_PREFIX_PATH=/opt/ros/rolling /usr/bin/cmake --install /home/user/catkin_ws/src/build/gazebo
[1.495s] Level 1:colcon.colcon_core.environment:checking '/home/user/catkin_ws/src/install/gazebo' for CMake module files
[1.495s] Level 1:colcon.colcon_core.environment:checking '/home/user/catkin_ws/src/install/gazebo' for CMake config files
[1.495s] Level 1:colcon.colcon_core.shell:create_environment_hook('gazebo', 'cmake_prefix_path')
[1.502s] INFO:colcon.colcon_core.shell:Creating environment hook '/home/user/catkin_ws/src/install/gazebo/share/gazebo/hook/cmake_prefix_path.ps1'
[1.502s] INFO:colcon.colcon_core.shell:Creating environment descriptor '/home/user/catkin_ws/src/install/gazebo/share/gazebo/hook/cmake_prefix_path.dsv'
[1.502s] INFO:colcon.colcon_core.shell:Creating environment hook '/home/user/catkin_ws/src/install/gazebo/share/gazebo/hook/cmake_prefix_path.sh'
[1.502s] Level 1:colcon.colcon_core.environment:checking '/home/user/catkin_ws/src/install/gazebo/bin'
[1.502s] Level 1:colcon.colcon_core.environment:checking '/home/user/catkin_ws/src/install/gazebo/lib/pkgconfig/gazebo.pc'
[1.503s] Level 1:colcon.colcon_core.environment:checking '/home/user/catkin_ws/src/install/gazebo/lib/python3.10/site-packages'
[1.503s] Level 1:colcon.colcon_core.environment:checking '/home/user/catkin_ws/src/install/gazebo/bin'
[1.509s] INFO:colcon.colcon_core.shell:Creating package script '/home/user/catkin_ws/src/install/gazebo/share/gazebo/package.ps1'
[1.509s] INFO:colcon.colcon_core.shell:Creating package descriptor '/home/user/catkin_ws/src/install/gazebo/share/gazebo/package.dsv'
[1.509s] INFO:colcon.colcon_core.shell:Creating package script '/home/user/catkin_ws/src/install/gazebo/share/gazebo/package.sh'
[1.510s] INFO:colcon.colcon_core.shell:Creating package script '/home/user/catkin_ws/src/install/gazebo/share/gazebo/package.bash'
[1.510s] INFO:colcon.colcon_core.shell:Creating package script '/home/user/catkin_ws/src/install/gazebo/share/gazebo/package.zsh'
[1.510s] Level 1:colcon.colcon_core.environment:create_file_with_runtime_dependencies(/home/user/catkin_ws/src/install/gazebo/share/colcon-core/packages/gazebo)
[1.517s] Level 1:colcon.colcon_core.environment:create_environment_scripts_only(description)
[1.523s] Level 1:colcon.colcon_core.environment:checking '/home/user/catkin_ws/src/install/description' for CMake module files
[1.524s] Level 1:colcon.colcon_core.environment:checking '/home/user/catkin_ws/src/install/description' for CMake config files
[1.524s] Level 1:colcon.colcon_core.shell:create_environment_hook('description', 'cmake_prefix_path')
[1.537s] INFO:colcon.colcon_core.shell:Creating environment hook '/home/user/catkin_ws/src/install/description/share/description/hook/cmake_prefix_path.ps1'
[1.537s] INFO:colcon.colcon_core.shell:Creating environment descriptor '/home/user/catkin_ws/src/install/description/share/description/hook/cmake_prefix_path.dsv'
[1.537s] INFO:colcon.colcon_core.shell:Creating environment hook '/home/user/catkin_ws/src/install/description/share/description/hook/cmake_prefix_path.sh'
[1.537s] Level 1:colcon.colcon_core.environment:checking '/home/user/catkin_ws/src/install/description/bin'
[1.537s] Level 1:colcon.colcon_core.environment:checking '/home/user/catkin_ws/src/install/description/lib/pkgconfig/description.pc'
[1.538s] Level 1:colcon.colcon_core.environment:checking '/home/user/catkin_ws/src/install/description/lib/python3.10/site-packages'
[1.538s] Level 1:colcon.colcon_core.environment:checking '/home/user/catkin_ws/src/install/description/bin'
[1.544s] INFO:colcon.colcon_core.shell:Creating package script '/home/user/catkin_ws/src/install/description/share/description/package.ps1'
[1.545s] INFO:colcon.colcon_core.shell:Creating package descriptor '/home/user/catkin_ws/src/install/description/share/description/package.dsv'
[1.545s] INFO:colcon.colcon_core.shell:Creating package script '/home/user/catkin_ws/src/install/description/share/description/package.sh'
[1.545s] INFO:colcon.colcon_core.shell:Creating package script '/home/user/catkin_ws/src/install/description/share/description/package.bash'
[1.545s] INFO:colcon.colcon_core.shell:Creating package script '/home/user/catkin_ws/src/install/description/share/description/package.zsh'
[1.546s] Level 1:colcon.colcon_core.environment:create_file_with_runtime_dependencies(/home/user/catkin_ws/src/install/description/share/colcon-core/packages/description)
[1.553s] Level 1:colcon.colcon_core.environment:create_environment_scripts_only(messages)
[1.559s] Level 1:colcon.colcon_core.environment:checking '/home/user/catkin_ws/src/install/messages' for CMake module files
[1.560s] Level 1:colcon.colcon_core.environment:checking '/home/user/catkin_ws/src/install/messages' for CMake config files
[1.560s] Level 1:colcon.colcon_core.shell:create_environment_hook('messages', 'cmake_prefix_path')
[1.566s] INFO:colcon.colcon_core.shell:Creating environment hook '/home/user/catkin_ws/src/install/messages/share/messages/hook/cmake_prefix_path.ps1'
[1.566s] INFO:colcon.colcon_core.shell:Creating environment descriptor '/home/user/catkin_ws/src/install/messages/share/messages/hook/cmake_prefix_path.dsv'
[1.566s] INFO:colcon.colcon_core.shell:Creating environment hook '/home/user/catkin_ws/src/install/messages/share/messages/hook/cmake_prefix_path.sh'
[1.567s] Level 1:colcon.colcon_core.environment:checking '/home/user/catkin_ws/src/install/messages/bin'
[1.567s] Level 1:colcon.colcon_core.environment:checking '/home/user/catkin_ws/src/install/messages/lib/pkgconfig/messages.pc'
[1.567s] Level 1:colcon.colcon_core.environment:checking '/home/user/catkin_ws/src/install/messages/lib/python3.10/site-packages'
[1.567s] Level 1:colcon.colcon_core.environment:checking '/home/user/catkin_ws/src/install/messages/bin'
[1.573s] INFO:colcon.colcon_core.shell:Creating package script '/home/user/catkin_ws/src/install/messages/share/messages/package.ps1'
[1.573s] INFO:colcon.colcon_core.shell:Creating package descriptor '/home/user/catkin_ws/src/install/messages/share/messages/package.dsv'
[1.574s] INFO:colcon.colcon_core.shell:Creating package script '/home/user/catkin_ws/src/install/messages/share/messages/package.sh'
[1.574s] INFO:colcon.colcon_core.shell:Creating package script '/home/user/catkin_ws/src/install/messages/share/messages/package.bash'
[1.574s] INFO:colcon.colcon_core.shell:Creating package script '/home/user/catkin_ws/src/install/messages/share/messages/package.zsh'
[1.574s] Level 1:colcon.colcon_core.environment:create_file_with_runtime_dependencies(/home/user/catkin_ws/src/install/messages/share/colcon-core/packages/messages)
[1.581s] Level 1:colcon.colcon_core.environment:create_environment_scripts_only(launches)
[1.588s] Level 1:colcon.colcon_core.environment:checking '/home/user/catkin_ws/src/install/launches' for CMake module files
[1.588s] Level 1:colcon.colcon_core.environment:checking '/home/user/catkin_ws/src/install/launches' for CMake config files
[1.588s] Level 1:colcon.colcon_core.shell:create_environment_hook('launches', 'cmake_prefix_path')
[1.594s] INFO:colcon.colcon_core.shell:Creating environment hook '/home/user/catkin_ws/src/install/launches/share/launches/hook/cmake_prefix_path.ps1'
[1.594s] INFO:colcon.colcon_core.shell:Creating environment descriptor '/home/user/catkin_ws/src/install/launches/share/launches/hook/cmake_prefix_path.dsv'
[1.594s] INFO:colcon.colcon_core.shell:Creating environment hook '/home/user/catkin_ws/src/install/launches/share/launches/hook/cmake_prefix_path.sh'
[1.595s] Level 1:colcon.colcon_core.environment:checking '/home/user/catkin_ws/src/install/launches/bin'
[1.595s] Level 1:colcon.colcon_core.environment:checking '/home/user/catkin_ws/src/install/launches/lib/pkgconfig/launches.pc'
[1.595s] Level 1:colcon.colcon_core.environment:checking '/home/user/catkin_ws/src/install/launches/lib/python3.10/site-packages'
[1.595s] Level 1:colcon.colcon_core.environment:checking '/home/user/catkin_ws/src/install/launches/bin'
[1.601s] INFO:colcon.colcon_core.shell:Creating package script '/home/user/catkin_ws/src/install/launches/share/launches/package.ps1'
[1.602s] INFO:colcon.colcon_core.shell:Creating package descriptor '/home/user/catkin_ws/src/install/launches/share/launches/package.dsv'
[1.602s] INFO:colcon.colcon_core.shell:Creating package script '/home/user/catkin_ws/src/install/launches/share/launches/package.sh'
[1.602s] INFO:colcon.colcon_core.shell:Creating package script '/home/user/catkin_ws/src/install/launches/share/launches/package.bash'
[1.602s] INFO:colcon.colcon_core.shell:Creating package script '/home/user/catkin_ws/src/install/launches/share/launches/package.zsh'
[1.602s] Level 1:colcon.colcon_core.environment:create_file_with_runtime_dependencies(/home/user/catkin_ws/src/install/launches/share/colcon-core/packages/launches)
[1.609s] Level 1:colcon.colcon_core.environment:create_environment_scripts_only(navigation)
[1.616s] Level 1:colcon.colcon_core.environment:checking '/home/user/catkin_ws/src/install/navigation' for CMake module files
[1.616s] Level 1:colcon.colcon_core.environment:checking '/home/user/catkin_ws/src/install/navigation' for CMake config files
[1.616s] Level 1:colcon.colcon_core.shell:create_environment_hook('navigation', 'cmake_prefix_path')
[1.622s] INFO:colcon.colcon_core.shell:Creating environment hook '/home/user/catkin_ws/src/install/navigation/share/navigation/hook/cmake_prefix_path.ps1'
[1.622s] INFO:colcon.colcon_core.shell:Creating environment descriptor '/home/user/catkin_ws/src/install/navigation/share/navigation/hook/cmake_prefix_path.dsv'
[1.623s] INFO:colcon.colcon_core.shell:Creating environment hook '/home/user/catkin_ws/src/install/navigation/share/navigation/hook/cmake_prefix_path.sh'
[1.623s] Level 1:colcon.colcon_core.environment:checking '/home/user/catkin_ws/src/install/navigation/bin'
[1.623s] Level 1:colcon.colcon_core.environment:checking '/home/user/catkin_ws/src/install/navigation/lib/pkgconfig/navigation.pc'
[1.623s] Level 1:colcon.colcon_core.environment:checking '/home/user/catkin_ws/src/install/navigation/lib/python3.10/site-packages'
[1.623s] Level 1:colcon.colcon_core.environment:checking '/home/user/catkin_ws/src/install/navigation/bin'
[1.629s] INFO:colcon.colcon_core.shell:Creating package script '/home/user/catkin_ws/src/install/navigation/share/navigation/package.ps1'
[1.630s] INFO:colcon.colcon_core.shell:Creating package descriptor '/home/user/catkin_ws/src/install/navigation/share/navigation/package.dsv'
[1.630s] INFO:colcon.colcon_core.shell:Creating package script '/home/user/catkin_ws/src/install/navigation/share/navigation/package.sh'
[1.630s] INFO:colcon.colcon_core.shell:Creating package script '/home/user/catkin_ws/src/install/navigation/share/navigation/package.bash'
[1.630s] INFO:colcon.colcon_core.shell:Creating package script '/home/user/catkin_ws/src/install/navigation/share/navigation/package.zsh'
[1.630s] Level 1:colcon.colcon_core.environment:create_file_with_runtime_dependencies(/home/user/catkin_ws/src/install/navigation/share/colcon-core/packages/navigation)
[1.637s] Level 1:colcon.colcon_core.environment:create_environment_scripts_only(gazebo)
[1.643s] Level 1:colcon.colcon_core.environment:checking '/home/user/catkin_ws/src/install/gazebo' for CMake module files
[1.644s] Level 1:colcon.colcon_core.environment:checking '/home/user/catkin_ws/src/install/gazebo' for CMake config files
[1.644s] Level 1:colcon.colcon_core.shell:create_environment_hook('gazebo', 'cmake_prefix_path')
[1.650s] INFO:colcon.colcon_core.shell:Creating environment hook '/home/user/catkin_ws/src/install/gazebo/share/gazebo/hook/cmake_prefix_path.ps1'
[1.650s] INFO:colcon.colcon_core.shell:Creating environment descriptor '/home/user/catkin_ws/src/install/gazebo/share/gazebo/hook/cmake_prefix_path.dsv'
[1.650s] INFO:colcon.colcon_core.shell:Creating environment hook '/home/user/catkin_ws/src/install/gazebo/share/gazebo/hook/cmake_prefix_path.sh'
[1.651s] Level 1:colcon.colcon_core.environment:checking '/home/user/catkin_ws/src/install/gazebo/bin'
[1.651s] Level 1:colcon.colcon_core.environment:checking '/home/user/catkin_ws/src/install/gazebo/lib/pkgconfig/gazebo.pc'
[1.651s] Level 1:colcon.colcon_core.environment:checking '/home/user/catkin_ws/src/install/gazebo/lib/python3.10/site-packages'
[1.651s] Level 1:colcon.colcon_core.environment:checking '/home/user/catkin_ws/src/install/gazebo/bin'
[1.657s] INFO:colcon.colcon_core.shell:Creating package script '/home/user/catkin_ws/src/install/gazebo/share/gazebo/package.ps1'
[1.658s] INFO:colcon.colcon_core.shell:Creating package descriptor '/home/user/catkin_ws/src/install/gazebo/share/gazebo/package.dsv'
[1.658s] INFO:colcon.colcon_core.shell:Creating package script '/home/user/catkin_ws/src/install/gazebo/share/gazebo/package.sh'
[1.658s] INFO:colcon.colcon_core.shell:Creating package script '/home/user/catkin_ws/src/install/gazebo/share/gazebo/package.bash'
[1.658s] INFO:colcon.colcon_core.shell:Creating package script '/home/user/catkin_ws/src/install/gazebo/share/gazebo/package.zsh'
[1.658s] Level 1:colcon.colcon_core.environment:create_file_with_runtime_dependencies(/home/user/catkin_ws/src/install/gazebo/share/colcon-core/packages/gazebo)
[1.659s] DEBUG:colcon.colcon_parallel_executor.executor.parallel:closing loop
[1.659s] DEBUG:colcon.colcon_parallel_executor.executor.parallel:loop closed
[1.659s] DEBUG:colcon.colcon_parallel_executor.executor.parallel:run_until_complete finished with '0'
[1.659s] DEBUG:colcon.colcon_core.event_reactor:joining thread
[1.669s] INFO:colcon.colcon_core.plugin_system:Skipping extension 'colcon_notification.desktop_notification.notify_send': Could not find 'notify-send'
[1.669s] INFO:colcon.colcon_core.plugin_system:Skipping extension 'colcon_notification.desktop_notification.terminal_notifier': Not used on non-Darwin systems
[1.669s] INFO:colcon.colcon_core.plugin_system:Skipping extension 'colcon_notification.desktop_notification.win32': Not used on non-Windows systems
[1.669s] INFO:colcon.colcon_notification.desktop_notification:Sending desktop notification using 'notify2'
[1.671s] DEBUG:colcon.colcon_notification.desktop_notification.notify2:Failed to initialize notify2: org.freedesktop.DBus.Error.Spawn.ExecFailed: /usr/bin/dbus-launch terminated abnormally without any error message
[1.671s] DEBUG:colcon.colcon_core.event_reactor:joined thread
[1.678s] INFO:colcon.colcon_core.shell:Creating prefix script '/home/user/catkin_ws/src/install/local_setup.ps1'
[1.679s] INFO:colcon.colcon_core.shell:Creating prefix util module '/home/user/catkin_ws/src/install/_local_setup_util_ps1.py'
[1.679s] INFO:colcon.colcon_core.shell:Creating prefix chain script '/home/user/catkin_ws/src/install/setup.ps1'
[1.686s] INFO:colcon.colcon_core.shell:Creating prefix script '/home/user/catkin_ws/src/install/local_setup.sh'
[1.686s] INFO:colcon.colcon_core.shell:Creating prefix util module '/home/user/catkin_ws/src/install/_local_setup_util_sh.py'
[1.687s] INFO:colcon.colcon_core.shell:Creating prefix chain script '/home/user/catkin_ws/src/install/setup.sh'
[1.693s] INFO:colcon.colcon_core.shell:Creating prefix script '/home/user/catkin_ws/src/install/local_setup.bash'
[1.693s] INFO:colcon.colcon_core.shell:Creating prefix chain script '/home/user/catkin_ws/src/install/setup.bash'
[1.700s] INFO:colcon.colcon_core.shell:Creating prefix script '/home/user/catkin_ws/src/install/local_setup.zsh'
[1.700s] INFO:colcon.colcon_core.shell:Creating prefix chain script '/home/user/catkin_ws/src/install/setup.zsh'
