[0.049s] Invoking command in '/home/user/catkin_ws/src/build/messages': CMAKE_PREFIX_PATH=/opt/ros/rolling /usr/bin/cmake /home/user/catkin_ws/src/messages -DCMAKE_INSTALL_PREFIX=/home/user/catkin_ws/src/install/messages
[0.130s] -- The C compiler identification is GNU 11.4.0
[0.193s] -- The CXX compiler identification is GNU 11.4.0
[0.199s] -- Detecting C compiler ABI info
[0.245s] -- Detecting C compiler ABI info - done
[0.254s] -- Check for working C compiler: /usr/bin/cc - skipped
[0.254s] -- Detecting C compile features
[0.255s] -- Detecting C compile features - done
[0.258s] -- Detecting CXX compiler ABI info
[0.309s] -- Detecting CXX compiler ABI info - done
[0.313s] -- Check for working CXX compiler: /usr/bin/c++ - skipped
[0.314s] -- Detecting CXX compile features
[0.314s] -- Detecting CXX compile features - done
[0.315s] -- Found ament_cmake: 2.3.0 (/opt/ros/rolling/share/ament_cmake/cmake)
[0.423s] -- Found Python3: /usr/bin/python3.10 (found version "3.10.12") found components: Interpreter 
[0.497s] -- Found ament_lint_auto: 0.16.0 (/opt/ros/rolling/share/ament_lint_auto/cmake)
[0.554s] -- Added test 'lint_cmake' to check CMake code style
[0.555s] -- Added test 'xmllint' to check XML markup files
[0.556s] -- Configuring done
[0.559s] -- Generating done
[0.560s] -- Build files have been written to: /home/user/catkin_ws/src/build/messages
[0.566s] Invoked command in '/home/user/catkin_ws/src/build/messages' returned '0': CMAKE_PREFIX_PATH=/opt/ros/rolling /usr/bin/cmake /home/user/catkin_ws/src/messages -DCMAKE_INSTALL_PREFIX=/home/user/catkin_ws/src/install/messages
[0.567s] Invoking command in '/home/user/catkin_ws/src/build/messages': CMAKE_PREFIX_PATH=/opt/ros/rolling /usr/bin/cmake --build /home/user/catkin_ws/src/build/messages -- -j16 -l16
[0.589s] Invoked command in '/home/user/catkin_ws/src/build/messages' returned '0': CMAKE_PREFIX_PATH=/opt/ros/rolling /usr/bin/cmake --build /home/user/catkin_ws/src/build/messages -- -j16 -l16
[0.606s] Invoking command in '/home/user/catkin_ws/src/build/messages': CMAKE_PREFIX_PATH=/opt/ros/rolling /usr/bin/cmake --install /home/user/catkin_ws/src/build/messages
[0.610s] -- Install configuration: ""
[0.611s] -- Installing: /home/user/catkin_ws/src/install/messages/share/ament_index/resource_index/package_run_dependencies/messages
[0.611s] -- Installing: /home/user/catkin_ws/src/install/messages/share/ament_index/resource_index/parent_prefix_path/messages
[0.611s] -- Installing: /home/user/catkin_ws/src/install/messages/share/messages/environment/ament_prefix_path.sh
[0.611s] -- Installing: /home/user/catkin_ws/src/install/messages/share/messages/environment/ament_prefix_path.dsv
[0.611s] -- Installing: /home/user/catkin_ws/src/install/messages/share/messages/environment/path.sh
[0.611s] -- Installing: /home/user/catkin_ws/src/install/messages/share/messages/environment/path.dsv
[0.611s] -- Installing: /home/user/catkin_ws/src/install/messages/share/messages/local_setup.bash
[0.611s] -- Installing: /home/user/catkin_ws/src/install/messages/share/messages/local_setup.sh
[0.611s] -- Installing: /home/user/catkin_ws/src/install/messages/share/messages/local_setup.zsh
[0.611s] -- Installing: /home/user/catkin_ws/src/install/messages/share/messages/local_setup.dsv
[0.611s] -- Installing: /home/user/catkin_ws/src/install/messages/share/messages/package.dsv
[0.612s] -- Installing: /home/user/catkin_ws/src/install/messages/share/ament_index/resource_index/packages/messages
[0.612s] -- Installing: /home/user/catkin_ws/src/install/messages/share/messages/cmake/messagesConfig.cmake
[0.612s] -- Installing: /home/user/catkin_ws/src/install/messages/share/messages/cmake/messagesConfig-version.cmake
[0.612s] -- Installing: /home/user/catkin_ws/src/install/messages/share/messages/package.xml
[0.646s] Invoked command in '/home/user/catkin_ws/src/build/messages' returned '0': CMAKE_PREFIX_PATH=/opt/ros/rolling /usr/bin/cmake --install /home/user/catkin_ws/src/build/messages
