[0.090s] Invoking command in '/home/user/catkin_ws/src/build/gazebo': CMAKE_PREFIX_PATH=/opt/ros/rolling /usr/bin/cmake --build /home/user/catkin_ws/src/build/gazebo -- -j16 -l16
[0.114s] Invoked command in '/home/user/catkin_ws/src/build/gazebo' returned '0': CMAKE_PREFIX_PATH=/opt/ros/rolling /usr/bin/cmake --build /home/user/catkin_ws/src/build/gazebo -- -j16 -l16
[0.131s] Invoking command in '/home/user/catkin_ws/src/build/gazebo': CMAKE_PREFIX_PATH=/opt/ros/rolling /usr/bin/cmake --install /home/user/catkin_ws/src/build/gazebo
[0.135s] -- Install configuration: ""
[0.135s] -- Up-to-date: /home/user/catkin_ws/src/install/gazebo/share/ament_index/resource_index/package_run_dependencies/gazebo
[0.135s] -- Up-to-date: /home/user/catkin_ws/src/install/gazebo/share/ament_index/resource_index/parent_prefix_path/gazebo
[0.135s] -- Up-to-date: /home/user/catkin_ws/src/install/gazebo/share/gazebo/environment/ament_prefix_path.sh
[0.135s] -- Up-to-date: /home/user/catkin_ws/src/install/gazebo/share/gazebo/environment/ament_prefix_path.dsv
[0.135s] -- Up-to-date: /home/user/catkin_ws/src/install/gazebo/share/gazebo/environment/path.sh
[0.135s] -- Up-to-date: /home/user/catkin_ws/src/install/gazebo/share/gazebo/environment/path.dsv
[0.135s] -- Up-to-date: /home/user/catkin_ws/src/install/gazebo/share/gazebo/local_setup.bash
[0.135s] -- Up-to-date: /home/user/catkin_ws/src/install/gazebo/share/gazebo/local_setup.sh
[0.135s] -- Up-to-date: /home/user/catkin_ws/src/install/gazebo/share/gazebo/local_setup.zsh
[0.135s] -- Up-to-date: /home/user/catkin_ws/src/install/gazebo/share/gazebo/local_setup.dsv
[0.135s] -- Installing: /home/user/catkin_ws/src/install/gazebo/share/gazebo/package.dsv
[0.135s] -- Up-to-date: /home/user/catkin_ws/src/install/gazebo/share/ament_index/resource_index/packages/gazebo
[0.136s] -- Up-to-date: /home/user/catkin_ws/src/install/gazebo/share/gazebo/cmake/gazeboConfig.cmake
[0.136s] -- Up-to-date: /home/user/catkin_ws/src/install/gazebo/share/gazebo/cmake/gazeboConfig-version.cmake
[0.136s] -- Up-to-date: /home/user/catkin_ws/src/install/gazebo/share/gazebo/package.xml
[0.165s] Invoked command in '/home/user/catkin_ws/src/build/gazebo' returned '0': CMAKE_PREFIX_PATH=/opt/ros/rolling /usr/bin/cmake --install /home/user/catkin_ws/src/build/gazebo
