-- Found ament_cmake: 2.3.0 (/opt/ros/rolling/share/ament_cmake/cmake)
-- Found ament_lint_auto: 0.16.0 (/opt/ros/rolling/share/ament_lint_auto/cmake)
-- Added test 'flake8' to check Python code syntax and style conventions
-- Configured 'flake8' exclude dirs and/or files: 
-- Added test 'lint_cmake' to check CMake code style
-- Added test 'pep257' to check Python code against some of the docstring style conventions in PEP 257
-- Added test 'xmllint' to check XML markup files
-- Configuring done
-- Generating done
-- Build files have been written to: /home/user/catkin_ws/src/build/description
-- Install configuration: ""
-- Up-to-date: /home/user/catkin_ws/src/install/description/share/ament_index/resource_index/package_run_dependencies/description
-- Up-to-date: /home/user/catkin_ws/src/install/description/share/ament_index/resource_index/parent_prefix_path/description
-- Up-to-date: /home/user/catkin_ws/src/install/description/share/description/environment/ament_prefix_path.sh
-- Up-to-date: /home/user/catkin_ws/src/install/description/share/description/environment/ament_prefix_path.dsv
-- Up-to-date: /home/user/catkin_ws/src/install/description/share/description/environment/path.sh
-- Up-to-date: /home/user/catkin_ws/src/install/description/share/description/environment/path.dsv
-- Up-to-date: /home/user/catkin_ws/src/install/description/share/description/local_setup.bash
-- Up-to-date: /home/user/catkin_ws/src/install/description/share/description/local_setup.sh
-- Up-to-date: /home/user/catkin_ws/src/install/description/share/description/local_setup.zsh
-- Up-to-date: /home/user/catkin_ws/src/install/description/share/description/local_setup.dsv
-- Installing: /home/user/catkin_ws/src/install/description/share/description/package.dsv
-- Up-to-date: /home/user/catkin_ws/src/install/description/share/ament_index/resource_index/packages/description
-- Up-to-date: /home/user/catkin_ws/src/install/description/share/description/cmake/descriptionConfig.cmake
-- Up-to-date: /home/user/catkin_ws/src/install/description/share/description/cmake/descriptionConfig-version.cmake
-- Installing: /home/user/catkin_ws/src/install/description/share/description/package.xml
