[0.070s] Invoking command in '/home/user/catkin_ws/src/build/launches': CMAKE_PREFIX_PATH=/opt/ros/rolling /usr/bin/cmake /home/user/catkin_ws/src/launch -DCMAKE_INSTALL_PREFIX=/home/user/catkin_ws/src/install/launches
[0.152s] -- The C compiler identification is GNU 11.4.0
[0.214s] -- The CXX compiler identification is GNU 11.4.0
[0.221s] -- Detecting C compiler ABI info
[0.267s] -- Detecting C compiler ABI info - done
[0.271s] -- Check for working C compiler: /usr/bin/cc - skipped
[0.271s] -- Detecting C compile features
[0.271s] -- Detecting C compile features - done
[0.274s] -- Detecting CXX compiler ABI info
[0.327s] -- Detecting CXX compiler ABI info - done
[0.332s] -- Check for working CXX compiler: /usr/bin/c++ - skipped
[0.332s] -- Detecting CXX compile features
[0.332s] -- Detecting CXX compile features - done
[0.334s] -- Found ament_cmake: 2.3.0 (/opt/ros/rolling/share/ament_cmake/cmake)
[0.444s] -- Found Python3: /usr/bin/python3.10 (found version "3.10.12") found components: Interpreter 
[0.519s] -- Found ament_lint_auto: 0.16.0 (/opt/ros/rolling/share/ament_lint_auto/cmake)
[0.575s] -- Added test 'cppcheck' to perform static code analysis on C / C++ code
[0.575s] -- Configured cppcheck include dirs: 
[0.575s] -- Configured cppcheck exclude dirs and/or files: 
[0.575s] -- Added test 'lint_cmake' to check CMake code style
[0.576s] -- Added test 'uncrustify' to check C / C++ code style
[0.576s] -- Configured uncrustify additional arguments: 
[0.576s] -- Added test 'xmllint' to check XML markup files
[0.577s] -- Configuring done
[0.581s] -- Generating done
[0.582s] -- Build files have been written to: /home/user/catkin_ws/src/build/launches
[0.590s] Invoked command in '/home/user/catkin_ws/src/build/launches' returned '0': CMAKE_PREFIX_PATH=/opt/ros/rolling /usr/bin/cmake /home/user/catkin_ws/src/launch -DCMAKE_INSTALL_PREFIX=/home/user/catkin_ws/src/install/launches
[0.590s] Invoking command in '/home/user/catkin_ws/src/build/launches': CMAKE_PREFIX_PATH=/opt/ros/rolling /usr/bin/cmake --build /home/user/catkin_ws/src/build/launches -- -j16 -l16
[0.613s] Invoked command in '/home/user/catkin_ws/src/build/launches' returned '0': CMAKE_PREFIX_PATH=/opt/ros/rolling /usr/bin/cmake --build /home/user/catkin_ws/src/build/launches -- -j16 -l16
[0.630s] Invoking command in '/home/user/catkin_ws/src/build/launches': CMAKE_PREFIX_PATH=/opt/ros/rolling /usr/bin/cmake --install /home/user/catkin_ws/src/build/launches
[0.634s] -- Install configuration: ""
[0.634s] -- Installing: /home/user/catkin_ws/src/install/launches/share/ament_index/resource_index/package_run_dependencies/launches
[0.634s] -- Installing: /home/user/catkin_ws/src/install/launches/share/ament_index/resource_index/parent_prefix_path/launches
[0.634s] -- Installing: /home/user/catkin_ws/src/install/launches/share/launches/environment/ament_prefix_path.sh
[0.634s] -- Installing: /home/user/catkin_ws/src/install/launches/share/launches/environment/ament_prefix_path.dsv
[0.634s] -- Installing: /home/user/catkin_ws/src/install/launches/share/launches/environment/path.sh
[0.634s] -- Installing: /home/user/catkin_ws/src/install/launches/share/launches/environment/path.dsv
[0.635s] -- Installing: /home/user/catkin_ws/src/install/launches/share/launches/local_setup.bash
[0.635s] -- Installing: /home/user/catkin_ws/src/install/launches/share/launches/local_setup.sh
[0.635s] -- Installing: /home/user/catkin_ws/src/install/launches/share/launches/local_setup.zsh
[0.635s] -- Installing: /home/user/catkin_ws/src/install/launches/share/launches/local_setup.dsv
[0.635s] -- Installing: /home/user/catkin_ws/src/install/launches/share/launches/package.dsv
[0.635s] -- Installing: /home/user/catkin_ws/src/install/launches/share/ament_index/resource_index/packages/launches
[0.635s] -- Installing: /home/user/catkin_ws/src/install/launches/share/launches/cmake/launchesConfig.cmake
[0.635s] -- Installing: /home/user/catkin_ws/src/install/launches/share/launches/cmake/launchesConfig-version.cmake
[0.635s] -- Installing: /home/user/catkin_ws/src/install/launches/share/launches/package.xml
[0.690s] Invoked command in '/home/user/catkin_ws/src/build/launches' returned '0': CMAKE_PREFIX_PATH=/opt/ros/rolling /usr/bin/cmake --install /home/user/catkin_ws/src/build/launches
