[0.686s] DEBUG:colcon:Command line arguments: ['/usr/bin/colcon', 'build']
[0.686s] DEBUG:colcon:Parsed command line arguments: Namespace(log_base=None, log_level=None, verb_name='build', build_base='build', install_base='install', merge_install=False, symlink_install=False, test_result_base=None, continue_on_error=False, executor='parallel', parallel_workers=16, event_handlers=None, ignore_user_meta=False, metas=['./colcon.meta'], base_paths=['.'], packages_ignore=None, packages_ignore_regex=None, paths=None, packages_up_to=None, packages_up_to_regex=None, packages_above=None, packages_above_and_dependencies=None, packages_above_depth=None, packages_select_by_dep=None, packages_skip_by_dep=None, packages_skip_up_to=None, packages_select_build_failed=False, packages_skip_build_finished=False, packages_select_test_failures=False, packages_skip_test_passed=False, packages_select=None, packages_skip=None, packages_select_regex=None, packages_skip_regex=None, packages_start=None, packages_end=None, cmake_args=None, cmake_target=None, cmake_target_skip_unavailable=False, cmake_clean_cache=False, cmake_clean_first=False, cmake_force_configure=False, ament_cmake_args=None, catkin_cmake_args=None, catkin_skip_building_tests=False, mixin_files=None, mixin=None, verb_parser=<colcon_mixin.mixin.mixin_argument.MixinArgumentDecorator object at 0x7f01f90eb040>, verb_extension=<colcon_core.verb.build.BuildVerb object at 0x7f01f90e8f10>, main=<bound method BuildVerb.main of <colcon_core.verb.build.BuildVerb object at 0x7f01f90e8f10>>, mixin_verb=('build',))
[0.723s] Level 1:colcon.colcon_core.package_discovery:discover_packages(colcon_meta) check parameters
[0.723s] Level 1:colcon.colcon_core.package_discovery:discover_packages(recursive) check parameters
[0.723s] Level 1:colcon.colcon_core.package_discovery:discover_packages(ignore) check parameters
[0.723s] Level 1:colcon.colcon_core.package_discovery:discover_packages(path) check parameters
[0.723s] Level 1:colcon.colcon_core.package_discovery:discover_packages(colcon_meta) discover
[0.723s] Level 1:colcon.colcon_core.package_discovery:discover_packages(recursive) discover
[0.723s] INFO:colcon.colcon_core.package_discovery:Crawling recursively for packages in '/home/user/catkin_ws/src'
[0.723s] Level 1:colcon.colcon_core.package_identification:_identify(.) by extensions ['ignore', 'ignore_ament_install']
[0.723s] Level 1:colcon.colcon_core.package_identification:_identify(.) by extension 'ignore'
[0.723s] Level 1:colcon.colcon_core.package_identification:_identify(.) by extension 'ignore_ament_install'
[0.723s] Level 1:colcon.colcon_core.package_identification:_identify(.) by extensions ['colcon_pkg']
[0.723s] Level 1:colcon.colcon_core.package_identification:_identify(.) by extension 'colcon_pkg'
[0.723s] Level 1:colcon.colcon_core.package_identification:_identify(.) by extensions ['colcon_meta']
[0.723s] Level 1:colcon.colcon_core.package_identification:_identify(.) by extension 'colcon_meta'
[0.723s] Level 1:colcon.colcon_core.package_identification:_identify(.) by extensions ['ros']
[0.723s] Level 1:colcon.colcon_core.package_identification:_identify(.) by extension 'ros'
[0.731s] Level 1:colcon.colcon_core.package_identification:_identify(.) by extensions ['cmake', 'python']
[0.732s] Level 1:colcon.colcon_core.package_identification:_identify(.) by extension 'cmake'
[0.732s] Level 1:colcon.colcon_core.package_identification:_identify(.) by extension 'python'
[0.732s] Level 1:colcon.colcon_core.package_identification:_identify(.) by extensions ['python_setup_py']
[0.732s] Level 1:colcon.colcon_core.package_identification:_identify(.) by extension 'python_setup_py'
[0.732s] Level 1:colcon.colcon_core.package_identification:_identify(build) by extensions ['ignore', 'ignore_ament_install']
[0.732s] Level 1:colcon.colcon_core.package_identification:_identify(build) by extension 'ignore'
[0.732s] Level 1:colcon.colcon_core.package_identification:_identify(build) ignored
[0.732s] Level 1:colcon.colcon_core.package_identification:_identify(description) by extensions ['ignore', 'ignore_ament_install']
[0.732s] Level 1:colcon.colcon_core.package_identification:_identify(description) by extension 'ignore'
[0.732s] Level 1:colcon.colcon_core.package_identification:_identify(description) by extension 'ignore_ament_install'
[0.732s] Level 1:colcon.colcon_core.package_identification:_identify(description) by extensions ['colcon_pkg']
[0.732s] Level 1:colcon.colcon_core.package_identification:_identify(description) by extension 'colcon_pkg'
[0.732s] Level 1:colcon.colcon_core.package_identification:_identify(description) by extensions ['colcon_meta']
[0.732s] Level 1:colcon.colcon_core.package_identification:_identify(description) by extension 'colcon_meta'
[0.732s] Level 1:colcon.colcon_core.package_identification:_identify(description) by extensions ['ros']
[0.732s] Level 1:colcon.colcon_core.package_identification:_identify(description) by extension 'ros'
[0.734s] DEBUG:colcon.colcon_core.package_identification:Package 'description' with type 'ros.ament_cmake' and name 'description'
[0.734s] Level 1:colcon.colcon_core.package_identification:_identify(gazebo) by extensions ['ignore', 'ignore_ament_install']
[0.734s] Level 1:colcon.colcon_core.package_identification:_identify(gazebo) by extension 'ignore'
[0.734s] Level 1:colcon.colcon_core.package_identification:_identify(gazebo) by extension 'ignore_ament_install'
[0.734s] Level 1:colcon.colcon_core.package_identification:_identify(gazebo) by extensions ['colcon_pkg']
[0.734s] Level 1:colcon.colcon_core.package_identification:_identify(gazebo) by extension 'colcon_pkg'
[0.735s] Level 1:colcon.colcon_core.package_identification:_identify(gazebo) by extensions ['colcon_meta']
[0.735s] Level 1:colcon.colcon_core.package_identification:_identify(gazebo) by extension 'colcon_meta'
[0.735s] Level 1:colcon.colcon_core.package_identification:_identify(gazebo) by extensions ['ros']
[0.735s] Level 1:colcon.colcon_core.package_identification:_identify(gazebo) by extension 'ros'
[0.735s] DEBUG:colcon.colcon_core.package_identification:Package 'gazebo' with type 'ros.ament_cmake' and name 'gazebo'
[0.735s] Level 1:colcon.colcon_core.package_identification:_identify(install) by extensions ['ignore', 'ignore_ament_install']
[0.735s] Level 1:colcon.colcon_core.package_identification:_identify(install) by extension 'ignore'
[0.735s] Level 1:colcon.colcon_core.package_identification:_identify(install) ignored
[0.735s] Level 1:colcon.colcon_core.package_identification:_identify(launch) by extensions ['ignore', 'ignore_ament_install']
[0.735s] Level 1:colcon.colcon_core.package_identification:_identify(launch) by extension 'ignore'
[0.735s] Level 1:colcon.colcon_core.package_identification:_identify(launch) by extension 'ignore_ament_install'
[0.735s] Level 1:colcon.colcon_core.package_identification:_identify(launch) by extensions ['colcon_pkg']
[0.735s] Level 1:colcon.colcon_core.package_identification:_identify(launch) by extension 'colcon_pkg'
[0.735s] Level 1:colcon.colcon_core.package_identification:_identify(launch) by extensions ['colcon_meta']
[0.735s] Level 1:colcon.colcon_core.package_identification:_identify(launch) by extension 'colcon_meta'
[0.735s] Level 1:colcon.colcon_core.package_identification:_identify(launch) by extensions ['ros']
[0.735s] Level 1:colcon.colcon_core.package_identification:_identify(launch) by extension 'ros'
[0.736s] DEBUG:colcon.colcon_core.package_identification:Package 'launch' with type 'ros.ament_cmake' and name 'launches'
[0.736s] Level 1:colcon.colcon_core.package_identification:_identify(log) by extensions ['ignore', 'ignore_ament_install']
[0.736s] Level 1:colcon.colcon_core.package_identification:_identify(log) by extension 'ignore'
[0.736s] Level 1:colcon.colcon_core.package_identification:_identify(log) ignored
[0.736s] Level 1:colcon.colcon_core.package_identification:_identify(messages) by extensions ['ignore', 'ignore_ament_install']
[0.736s] Level 1:colcon.colcon_core.package_identification:_identify(messages) by extension 'ignore'
[0.736s] Level 1:colcon.colcon_core.package_identification:_identify(messages) by extension 'ignore_ament_install'
[0.736s] Level 1:colcon.colcon_core.package_identification:_identify(messages) by extensions ['colcon_pkg']
[0.736s] Level 1:colcon.colcon_core.package_identification:_identify(messages) by extension 'colcon_pkg'
[0.736s] Level 1:colcon.colcon_core.package_identification:_identify(messages) by extensions ['colcon_meta']
[0.736s] Level 1:colcon.colcon_core.package_identification:_identify(messages) by extension 'colcon_meta'
[0.736s] Level 1:colcon.colcon_core.package_identification:_identify(messages) by extensions ['ros']
[0.736s] Level 1:colcon.colcon_core.package_identification:_identify(messages) by extension 'ros'
[0.737s] DEBUG:colcon.colcon_core.package_identification:Package 'messages' with type 'ros.ament_cmake' and name 'messages'
[0.737s] Level 1:colcon.colcon_core.package_identification:_identify(navigation) by extensions ['ignore', 'ignore_ament_install']
[0.737s] Level 1:colcon.colcon_core.package_identification:_identify(navigation) by extension 'ignore'
[0.737s] Level 1:colcon.colcon_core.package_identification:_identify(navigation) by extension 'ignore_ament_install'
[0.737s] Level 1:colcon.colcon_core.package_identification:_identify(navigation) by extensions ['colcon_pkg']
[0.737s] Level 1:colcon.colcon_core.package_identification:_identify(navigation) by extension 'colcon_pkg'
[0.737s] Level 1:colcon.colcon_core.package_identification:_identify(navigation) by extensions ['colcon_meta']
[0.737s] Level 1:colcon.colcon_core.package_identification:_identify(navigation) by extension 'colcon_meta'
[0.737s] Level 1:colcon.colcon_core.package_identification:_identify(navigation) by extensions ['ros']
[0.737s] Level 1:colcon.colcon_core.package_identification:_identify(navigation) by extension 'ros'
[0.737s] DEBUG:colcon.colcon_core.package_identification:Package 'navigation' with type 'ros.ament_cmake' and name 'navigation'
[0.737s] Level 1:colcon.colcon_core.package_discovery:discover_packages(recursive) using defaults
[0.737s] Level 1:colcon.colcon_core.package_discovery:discover_packages(ignore) discover
[0.737s] Level 1:colcon.colcon_core.package_discovery:discover_packages(ignore) using defaults
[0.737s] Level 1:colcon.colcon_core.package_discovery:discover_packages(path) discover
[0.737s] Level 1:colcon.colcon_core.package_discovery:discover_packages(path) using defaults
[0.780s] Level 5:colcon.colcon_core.verb:set package 'description' build argument 'cmake_args' from command line to 'None'
[0.780s] Level 5:colcon.colcon_core.verb:set package 'description' build argument 'cmake_target' from command line to 'None'
[0.780s] Level 5:colcon.colcon_core.verb:set package 'description' build argument 'cmake_target_skip_unavailable' from command line to 'False'
[0.780s] Level 5:colcon.colcon_core.verb:set package 'description' build argument 'cmake_clean_cache' from command line to 'False'
[0.780s] Level 5:colcon.colcon_core.verb:set package 'description' build argument 'cmake_clean_first' from command line to 'False'
[0.780s] Level 5:colcon.colcon_core.verb:set package 'description' build argument 'cmake_force_configure' from command line to 'False'
[0.780s] Level 5:colcon.colcon_core.verb:set package 'description' build argument 'ament_cmake_args' from command line to 'None'
[0.780s] Level 5:colcon.colcon_core.verb:set package 'description' build argument 'catkin_cmake_args' from command line to 'None'
[0.780s] Level 5:colcon.colcon_core.verb:set package 'description' build argument 'catkin_skip_building_tests' from command line to 'False'
[0.780s] DEBUG:colcon.colcon_core.verb:Building package 'description' with the following arguments: {'ament_cmake_args': None, 'build_base': '/home/user/catkin_ws/src/build/description', 'catkin_cmake_args': None, 'catkin_skip_building_tests': False, 'cmake_args': None, 'cmake_clean_cache': False, 'cmake_clean_first': False, 'cmake_force_configure': False, 'cmake_target': None, 'cmake_target_skip_unavailable': False, 'install_base': '/home/user/catkin_ws/src/install/description', 'merge_install': False, 'path': '/home/user/catkin_ws/src/description', 'symlink_install': False, 'test_result_base': None}
[0.786s] Level 5:colcon.colcon_core.verb:set package 'gazebo' build argument 'cmake_args' from command line to 'None'
[0.786s] Level 5:colcon.colcon_core.verb:set package 'gazebo' build argument 'cmake_target' from command line to 'None'
[0.787s] Level 5:colcon.colcon_core.verb:set package 'gazebo' build argument 'cmake_target_skip_unavailable' from command line to 'False'
[0.787s] Level 5:colcon.colcon_core.verb:set package 'gazebo' build argument 'cmake_clean_cache' from command line to 'False'
[0.787s] Level 5:colcon.colcon_core.verb:set package 'gazebo' build argument 'cmake_clean_first' from command line to 'False'
[0.787s] Level 5:colcon.colcon_core.verb:set package 'gazebo' build argument 'cmake_force_configure' from command line to 'False'
[0.787s] Level 5:colcon.colcon_core.verb:set package 'gazebo' build argument 'ament_cmake_args' from command line to 'None'
[0.787s] Level 5:colcon.colcon_core.verb:set package 'gazebo' build argument 'catkin_cmake_args' from command line to 'None'
[0.787s] Level 5:colcon.colcon_core.verb:set package 'gazebo' build argument 'catkin_skip_building_tests' from command line to 'False'
[0.787s] DEBUG:colcon.colcon_core.verb:Building package 'gazebo' with the following arguments: {'ament_cmake_args': None, 'build_base': '/home/user/catkin_ws/src/build/gazebo', 'catkin_cmake_args': None, 'catkin_skip_building_tests': False, 'cmake_args': None, 'cmake_clean_cache': False, 'cmake_clean_first': False, 'cmake_force_configure': False, 'cmake_target': None, 'cmake_target_skip_unavailable': False, 'install_base': '/home/user/catkin_ws/src/install/gazebo', 'merge_install': False, 'path': '/home/user/catkin_ws/src/gazebo', 'symlink_install': False, 'test_result_base': None}
[0.793s] Level 5:colcon.colcon_core.verb:set package 'launches' build argument 'cmake_args' from command line to 'None'
[0.793s] Level 5:colcon.colcon_core.verb:set package 'launches' build argument 'cmake_target' from command line to 'None'
[0.793s] Level 5:colcon.colcon_core.verb:set package 'launches' build argument 'cmake_target_skip_unavailable' from command line to 'False'
[0.793s] Level 5:colcon.colcon_core.verb:set package 'launches' build argument 'cmake_clean_cache' from command line to 'False'
[0.793s] Level 5:colcon.colcon_core.verb:set package 'launches' build argument 'cmake_clean_first' from command line to 'False'
[0.793s] Level 5:colcon.colcon_core.verb:set package 'launches' build argument 'cmake_force_configure' from command line to 'False'
[0.793s] Level 5:colcon.colcon_core.verb:set package 'launches' build argument 'ament_cmake_args' from command line to 'None'
[0.793s] Level 5:colcon.colcon_core.verb:set package 'launches' build argument 'catkin_cmake_args' from command line to 'None'
[0.793s] Level 5:colcon.colcon_core.verb:set package 'launches' build argument 'catkin_skip_building_tests' from command line to 'False'
[0.793s] DEBUG:colcon.colcon_core.verb:Building package 'launches' with the following arguments: {'ament_cmake_args': None, 'build_base': '/home/user/catkin_ws/src/build/launches', 'catkin_cmake_args': None, 'catkin_skip_building_tests': False, 'cmake_args': None, 'cmake_clean_cache': False, 'cmake_clean_first': False, 'cmake_force_configure': False, 'cmake_target': None, 'cmake_target_skip_unavailable': False, 'install_base': '/home/user/catkin_ws/src/install/launches', 'merge_install': False, 'path': '/home/user/catkin_ws/src/launch', 'symlink_install': False, 'test_result_base': None}
[0.799s] Level 5:colcon.colcon_core.verb:set package 'messages' build argument 'cmake_args' from command line to 'None'
[0.799s] Level 5:colcon.colcon_core.verb:set package 'messages' build argument 'cmake_target' from command line to 'None'
[0.799s] Level 5:colcon.colcon_core.verb:set package 'messages' build argument 'cmake_target_skip_unavailable' from command line to 'False'
[0.799s] Level 5:colcon.colcon_core.verb:set package 'messages' build argument 'cmake_clean_cache' from command line to 'False'
[0.799s] Level 5:colcon.colcon_core.verb:set package 'messages' build argument 'cmake_clean_first' from command line to 'False'
[0.799s] Level 5:colcon.colcon_core.verb:set package 'messages' build argument 'cmake_force_configure' from command line to 'False'
[0.799s] Level 5:colcon.colcon_core.verb:set package 'messages' build argument 'ament_cmake_args' from command line to 'None'
[0.799s] Level 5:colcon.colcon_core.verb:set package 'messages' build argument 'catkin_cmake_args' from command line to 'None'
[0.799s] Level 5:colcon.colcon_core.verb:set package 'messages' build argument 'catkin_skip_building_tests' from command line to 'False'
[0.799s] DEBUG:colcon.colcon_core.verb:Building package 'messages' with the following arguments: {'ament_cmake_args': None, 'build_base': '/home/user/catkin_ws/src/build/messages', 'catkin_cmake_args': None, 'catkin_skip_building_tests': False, 'cmake_args': None, 'cmake_clean_cache': False, 'cmake_clean_first': False, 'cmake_force_configure': False, 'cmake_target': None, 'cmake_target_skip_unavailable': False, 'install_base': '/home/user/catkin_ws/src/install/messages', 'merge_install': False, 'path': '/home/user/catkin_ws/src/messages', 'symlink_install': False, 'test_result_base': None}
[0.806s] Level 5:colcon.colcon_core.verb:set package 'navigation' build argument 'cmake_args' from command line to 'None'
[0.806s] Level 5:colcon.colcon_core.verb:set package 'navigation' build argument 'cmake_target' from command line to 'None'
[0.806s] Level 5:colcon.colcon_core.verb:set package 'navigation' build argument 'cmake_target_skip_unavailable' from command line to 'False'
[0.806s] Level 5:colcon.colcon_core.verb:set package 'navigation' build argument 'cmake_clean_cache' from command line to 'False'
[0.806s] Level 5:colcon.colcon_core.verb:set package 'navigation' build argument 'cmake_clean_first' from command line to 'False'
[0.806s] Level 5:colcon.colcon_core.verb:set package 'navigation' build argument 'cmake_force_configure' from command line to 'False'
[0.806s] Level 5:colcon.colcon_core.verb:set package 'navigation' build argument 'ament_cmake_args' from command line to 'None'
[0.806s] Level 5:colcon.colcon_core.verb:set package 'navigation' build argument 'catkin_cmake_args' from command line to 'None'
[0.806s] Level 5:colcon.colcon_core.verb:set package 'navigation' build argument 'catkin_skip_building_tests' from command line to 'False'
[0.806s] DEBUG:colcon.colcon_core.verb:Building package 'navigation' with the following arguments: {'ament_cmake_args': None, 'build_base': '/home/user/catkin_ws/src/build/navigation', 'catkin_cmake_args': None, 'catkin_skip_building_tests': False, 'cmake_args': None, 'cmake_clean_cache': False, 'cmake_clean_first': False, 'cmake_force_configure': False, 'cmake_target': None, 'cmake_target_skip_unavailable': False, 'install_base': '/home/user/catkin_ws/src/install/navigation', 'merge_install': False, 'path': '/home/user/catkin_ws/src/navigation', 'symlink_install': False, 'test_result_base': None}
[0.812s] INFO:colcon.colcon_core.executor:Executing jobs using 'parallel' executor
[0.818s] DEBUG:colcon.colcon_parallel_executor.executor.parallel:run_until_complete
[0.819s] INFO:colcon.colcon_ros.task.ament_cmake.build:Building ROS package in '/home/user/catkin_ws/src/description' with build type 'ament_cmake'
[0.819s] INFO:colcon.colcon_cmake.task.cmake.build:Building CMake package in '/home/user/catkin_ws/src/description'
[0.828s] INFO:colcon.colcon_core.plugin_system:Skipping extension 'colcon_core.shell.bat': Not used on non-Windows systems
[0.829s] INFO:colcon.colcon_core.shell:Skip shell extension 'powershell' for command environment: Not usable outside of PowerShell
[0.829s] DEBUG:colcon.colcon_core.shell:Skip shell extension 'dsv' for command environment
[0.845s] INFO:colcon.colcon_ros.task.ament_cmake.build:Building ROS package in '/home/user/catkin_ws/src/gazebo' with build type 'ament_cmake'
[0.845s] INFO:colcon.colcon_cmake.task.cmake.build:Building CMake package in '/home/user/catkin_ws/src/gazebo'
[0.852s] INFO:colcon.colcon_core.shell:Skip shell extension 'powershell' for command environment: Not usable outside of PowerShell
[0.852s] DEBUG:colcon.colcon_core.shell:Skip shell extension 'dsv' for command environment
[0.866s] INFO:colcon.colcon_ros.task.ament_cmake.build:Building ROS package in '/home/user/catkin_ws/src/launch' with build type 'ament_cmake'
[0.866s] INFO:colcon.colcon_cmake.task.cmake.build:Building CMake package in '/home/user/catkin_ws/src/launch'
[0.872s] INFO:colcon.colcon_core.shell:Skip shell extension 'powershell' for command environment: Not usable outside of PowerShell
[0.872s] DEBUG:colcon.colcon_core.shell:Skip shell extension 'dsv' for command environment
[0.886s] INFO:colcon.colcon_ros.task.ament_cmake.build:Building ROS package in '/home/user/catkin_ws/src/messages' with build type 'ament_cmake'
[0.886s] INFO:colcon.colcon_cmake.task.cmake.build:Building CMake package in '/home/user/catkin_ws/src/messages'
[0.893s] INFO:colcon.colcon_core.shell:Skip shell extension 'powershell' for command environment: Not usable outside of PowerShell
[0.893s] DEBUG:colcon.colcon_core.shell:Skip shell extension 'dsv' for command environment
[0.907s] INFO:colcon.colcon_ros.task.ament_cmake.build:Building ROS package in '/home/user/catkin_ws/src/navigation' with build type 'ament_cmake'
[0.907s] INFO:colcon.colcon_cmake.task.cmake.build:Building CMake package in '/home/user/catkin_ws/src/navigation'
[0.914s] INFO:colcon.colcon_core.shell:Skip shell extension 'powershell' for command environment: Not usable outside of PowerShell
[0.914s] DEBUG:colcon.colcon_core.shell:Skip shell extension 'dsv' for command environment
[0.930s] DEBUG:colcon.colcon_core.event_handler.log_command:Invoking command in '/home/user/catkin_ws/src/build/description': CMAKE_PREFIX_PATH=/opt/ros/rolling /usr/bin/cmake --build /home/user/catkin_ws/src/build/description -- -j16 -l16
[0.933s] DEBUG:colcon.colcon_core.event_handler.log_command:Invoking command in '/home/user/catkin_ws/src/build/gazebo': CMAKE_PREFIX_PATH=/opt/ros/rolling /usr/bin/cmake --build /home/user/catkin_ws/src/build/gazebo -- -j16 -l16
[0.934s] DEBUG:colcon.colcon_core.event_handler.log_command:Invoking command in '/home/user/catkin_ws/src/build/launches': CMAKE_PREFIX_PATH=/opt/ros/rolling /usr/bin/cmake --build /home/user/catkin_ws/src/build/launches -- -j16 -l16
[0.936s] DEBUG:colcon.colcon_core.event_handler.log_command:Invoking command in '/home/user/catkin_ws/src/build/messages': CMAKE_PREFIX_PATH=/opt/ros/rolling /usr/bin/cmake --build /home/user/catkin_ws/src/build/messages -- -j16 -l16
[0.940s] DEBUG:colcon.colcon_core.event_handler.log_command:Invoking command in '/home/user/catkin_ws/src/build/navigation': CMAKE_PREFIX_PATH=/opt/ros/rolling /usr/bin/cmake --build /home/user/catkin_ws/src/build/navigation -- -j16 -l16
[0.992s] DEBUG:colcon.colcon_core.event_handler.log_command:Invoked command in '/home/user/catkin_ws/src/build/messages' returned '0': CMAKE_PREFIX_PATH=/opt/ros/rolling /usr/bin/cmake --build /home/user/catkin_ws/src/build/messages -- -j16 -l16
[0.993s] DEBUG:colcon.colcon_core.event_handler.log_command:Invoked command in '/home/user/catkin_ws/src/build/gazebo' returned '0': CMAKE_PREFIX_PATH=/opt/ros/rolling /usr/bin/cmake --build /home/user/catkin_ws/src/build/gazebo -- -j16 -l16
[0.993s] DEBUG:colcon.colcon_core.event_handler.log_command:Invoked command in '/home/user/catkin_ws/src/build/navigation' returned '0': CMAKE_PREFIX_PATH=/opt/ros/rolling /usr/bin/cmake --build /home/user/catkin_ws/src/build/navigation -- -j16 -l16
[1.011s] DEBUG:colcon.colcon_core.event_handler.log_command:Invoking command in '/home/user/catkin_ws/src/build/messages': CMAKE_PREFIX_PATH=/opt/ros/rolling /usr/bin/cmake --install /home/user/catkin_ws/src/build/messages
[1.012s] DEBUG:colcon.colcon_core.event_handler.log_command:Invoking command in '/home/user/catkin_ws/src/build/gazebo': CMAKE_PREFIX_PATH=/opt/ros/rolling /usr/bin/cmake --install /home/user/catkin_ws/src/build/gazebo
[1.013s] DEBUG:colcon.colcon_core.event_handler.log_command:Invoking command in '/home/user/catkin_ws/src/build/navigation': CMAKE_PREFIX_PATH=/opt/ros/rolling /usr/bin/cmake --install /home/user/catkin_ws/src/build/navigation
[1.018s] Level 1:colcon.colcon_core.environment:create_environment_scripts_only(messages)
[1.021s] DEBUG:colcon.colcon_core.event_handler.log_command:Invoked command in '/home/user/catkin_ws/src/build/messages' returned '0': CMAKE_PREFIX_PATH=/opt/ros/rolling /usr/bin/cmake --install /home/user/catkin_ws/src/build/messages
[1.031s] Level 1:colcon.colcon_core.environment:checking '/home/user/catkin_ws/src/install/messages' for CMake module files
[1.031s] Level 1:colcon.colcon_core.environment:checking '/home/user/catkin_ws/src/install/messages' for CMake config files
[1.032s] Level 1:colcon.colcon_core.shell:create_environment_hook('messages', 'cmake_prefix_path')
[1.039s] INFO:colcon.colcon_core.shell:Creating environment hook '/home/user/catkin_ws/src/install/messages/share/messages/hook/cmake_prefix_path.ps1'
[1.039s] INFO:colcon.colcon_core.shell:Creating environment descriptor '/home/user/catkin_ws/src/install/messages/share/messages/hook/cmake_prefix_path.dsv'
[1.039s] INFO:colcon.colcon_core.shell:Creating environment hook '/home/user/catkin_ws/src/install/messages/share/messages/hook/cmake_prefix_path.sh'
[1.040s] Level 1:colcon.colcon_core.environment:checking '/home/user/catkin_ws/src/install/messages/bin'
[1.040s] Level 1:colcon.colcon_core.environment:checking '/home/user/catkin_ws/src/install/messages/lib/pkgconfig/messages.pc'
[1.042s] Level 1:colcon.colcon_core.environment:checking '/home/user/catkin_ws/src/install/messages/lib/python3.10/site-packages'
[1.042s] Level 1:colcon.colcon_core.environment:checking '/home/user/catkin_ws/src/install/messages/bin'
[1.049s] INFO:colcon.colcon_core.shell:Creating package script '/home/user/catkin_ws/src/install/messages/share/messages/package.ps1'
[1.050s] INFO:colcon.colcon_core.shell:Creating package descriptor '/home/user/catkin_ws/src/install/messages/share/messages/package.dsv'
[1.050s] INFO:colcon.colcon_core.shell:Creating package script '/home/user/catkin_ws/src/install/messages/share/messages/package.sh'
[1.050s] INFO:colcon.colcon_core.shell:Creating package script '/home/user/catkin_ws/src/install/messages/share/messages/package.bash'
[1.051s] INFO:colcon.colcon_core.shell:Creating package script '/home/user/catkin_ws/src/install/messages/share/messages/package.zsh'
[1.052s] Level 1:colcon.colcon_core.environment:create_file_with_runtime_dependencies(/home/user/catkin_ws/src/install/messages/share/colcon-core/packages/messages)
[1.054s] Level 1:colcon.colcon_core.environment:create_environment_scripts_only(navigation)
[1.054s] DEBUG:colcon.colcon_core.event_handler.log_command:Invoked command in '/home/user/catkin_ws/src/build/navigation' returned '0': CMAKE_PREFIX_PATH=/opt/ros/rolling /usr/bin/cmake --install /home/user/catkin_ws/src/build/navigation
[1.061s] Level 1:colcon.colcon_core.environment:checking '/home/user/catkin_ws/src/install/navigation' for CMake module files
[1.061s] Level 1:colcon.colcon_core.environment:checking '/home/user/catkin_ws/src/install/navigation' for CMake config files
[1.061s] Level 1:colcon.colcon_core.shell:create_environment_hook('navigation', 'cmake_prefix_path')
[1.069s] INFO:colcon.colcon_core.shell:Creating environment hook '/home/user/catkin_ws/src/install/navigation/share/navigation/hook/cmake_prefix_path.ps1'
[1.069s] INFO:colcon.colcon_core.shell:Creating environment descriptor '/home/user/catkin_ws/src/install/navigation/share/navigation/hook/cmake_prefix_path.dsv'
[1.069s] INFO:colcon.colcon_core.shell:Creating environment hook '/home/user/catkin_ws/src/install/navigation/share/navigation/hook/cmake_prefix_path.sh'
[1.070s] Level 1:colcon.colcon_core.environment:checking '/home/user/catkin_ws/src/install/navigation/bin'
[1.070s] Level 1:colcon.colcon_core.environment:checking '/home/user/catkin_ws/src/install/navigation/lib/pkgconfig/navigation.pc'
[1.070s] Level 1:colcon.colcon_core.environment:checking '/home/user/catkin_ws/src/install/navigation/lib/python3.10/site-packages'
[1.070s] Level 1:colcon.colcon_core.environment:checking '/home/user/catkin_ws/src/install/navigation/bin'
[1.077s] INFO:colcon.colcon_core.shell:Creating package script '/home/user/catkin_ws/src/install/navigation/share/navigation/package.ps1'
[1.077s] INFO:colcon.colcon_core.shell:Creating package descriptor '/home/user/catkin_ws/src/install/navigation/share/navigation/package.dsv'
[1.077s] INFO:colcon.colcon_core.shell:Creating package script '/home/user/catkin_ws/src/install/navigation/share/navigation/package.sh'
[1.078s] INFO:colcon.colcon_core.shell:Creating package script '/home/user/catkin_ws/src/install/navigation/share/navigation/package.bash'
[1.078s] INFO:colcon.colcon_core.shell:Creating package script '/home/user/catkin_ws/src/install/navigation/share/navigation/package.zsh'
[1.078s] Level 1:colcon.colcon_core.environment:create_file_with_runtime_dependencies(/home/user/catkin_ws/src/install/navigation/share/colcon-core/packages/navigation)
[1.079s] Level 1:colcon.colcon_core.environment:create_environment_scripts_only(gazebo)
[1.079s] DEBUG:colcon.colcon_core.event_handler.log_command:Invoked command in '/home/user/catkin_ws/src/build/gazebo' returned '0': CMAKE_PREFIX_PATH=/opt/ros/rolling /usr/bin/cmake --install /home/user/catkin_ws/src/build/gazebo
[1.087s] Level 1:colcon.colcon_core.environment:checking '/home/user/catkin_ws/src/install/gazebo' for CMake module files
[1.088s] Level 1:colcon.colcon_core.environment:checking '/home/user/catkin_ws/src/install/gazebo' for CMake config files
[1.088s] Level 1:colcon.colcon_core.shell:create_environment_hook('gazebo', 'cmake_prefix_path')
[1.095s] INFO:colcon.colcon_core.shell:Creating environment hook '/home/user/catkin_ws/src/install/gazebo/share/gazebo/hook/cmake_prefix_path.ps1'
[1.095s] INFO:colcon.colcon_core.shell:Creating environment descriptor '/home/user/catkin_ws/src/install/gazebo/share/gazebo/hook/cmake_prefix_path.dsv'
[1.095s] INFO:colcon.colcon_core.shell:Creating environment hook '/home/user/catkin_ws/src/install/gazebo/share/gazebo/hook/cmake_prefix_path.sh'
[1.096s] Level 1:colcon.colcon_core.environment:checking '/home/user/catkin_ws/src/install/gazebo/bin'
[1.096s] Level 1:colcon.colcon_core.environment:checking '/home/user/catkin_ws/src/install/gazebo/lib/pkgconfig/gazebo.pc'
[1.096s] Level 1:colcon.colcon_core.environment:checking '/home/user/catkin_ws/src/install/gazebo/lib/python3.10/site-packages'
[1.096s] Level 1:colcon.colcon_core.environment:checking '/home/user/catkin_ws/src/install/gazebo/bin'
[1.103s] INFO:colcon.colcon_core.shell:Creating package script '/home/user/catkin_ws/src/install/gazebo/share/gazebo/package.ps1'
[1.103s] INFO:colcon.colcon_core.shell:Creating package descriptor '/home/user/catkin_ws/src/install/gazebo/share/gazebo/package.dsv'
[1.103s] INFO:colcon.colcon_core.shell:Creating package script '/home/user/catkin_ws/src/install/gazebo/share/gazebo/package.sh'
[1.103s] INFO:colcon.colcon_core.shell:Creating package script '/home/user/catkin_ws/src/install/gazebo/share/gazebo/package.bash'
[1.104s] INFO:colcon.colcon_core.shell:Creating package script '/home/user/catkin_ws/src/install/gazebo/share/gazebo/package.zsh'
[1.104s] Level 1:colcon.colcon_core.environment:create_file_with_runtime_dependencies(/home/user/catkin_ws/src/install/gazebo/share/colcon-core/packages/gazebo)
[1.112s] Level 1:colcon.colcon_core.environment:create_environment_scripts_only(messages)
[1.119s] Level 1:colcon.colcon_core.environment:checking '/home/user/catkin_ws/src/install/messages' for CMake module files
[1.119s] Level 1:colcon.colcon_core.environment:checking '/home/user/catkin_ws/src/install/messages' for CMake config files
[1.119s] Level 1:colcon.colcon_core.shell:create_environment_hook('messages', 'cmake_prefix_path')
[1.126s] INFO:colcon.colcon_core.shell:Creating environment hook '/home/user/catkin_ws/src/install/messages/share/messages/hook/cmake_prefix_path.ps1'
[1.127s] INFO:colcon.colcon_core.shell:Creating environment descriptor '/home/user/catkin_ws/src/install/messages/share/messages/hook/cmake_prefix_path.dsv'
[1.127s] INFO:colcon.colcon_core.shell:Creating environment hook '/home/user/catkin_ws/src/install/messages/share/messages/hook/cmake_prefix_path.sh'
[1.127s] Level 1:colcon.colcon_core.environment:checking '/home/user/catkin_ws/src/install/messages/bin'
[1.127s] Level 1:colcon.colcon_core.environment:checking '/home/user/catkin_ws/src/install/messages/lib/pkgconfig/messages.pc'
[1.127s] Level 1:colcon.colcon_core.environment:checking '/home/user/catkin_ws/src/install/messages/lib/python3.10/site-packages'
[1.127s] Level 1:colcon.colcon_core.environment:checking '/home/user/catkin_ws/src/install/messages/bin'
[1.134s] INFO:colcon.colcon_core.shell:Creating package script '/home/user/catkin_ws/src/install/messages/share/messages/package.ps1'
[1.135s] INFO:colcon.colcon_core.shell:Creating package descriptor '/home/user/catkin_ws/src/install/messages/share/messages/package.dsv'
[1.135s] INFO:colcon.colcon_core.shell:Creating package script '/home/user/catkin_ws/src/install/messages/share/messages/package.sh'
[1.135s] INFO:colcon.colcon_core.shell:Creating package script '/home/user/catkin_ws/src/install/messages/share/messages/package.bash'
[1.135s] INFO:colcon.colcon_core.shell:Creating package script '/home/user/catkin_ws/src/install/messages/share/messages/package.zsh'
[1.136s] Level 1:colcon.colcon_core.environment:create_file_with_runtime_dependencies(/home/user/catkin_ws/src/install/messages/share/colcon-core/packages/messages)
[1.144s] Level 1:colcon.colcon_core.environment:create_environment_scripts_only(navigation)
[1.151s] Level 1:colcon.colcon_core.environment:checking '/home/user/catkin_ws/src/install/navigation' for CMake module files
[1.151s] Level 1:colcon.colcon_core.environment:checking '/home/user/catkin_ws/src/install/navigation' for CMake config files
[1.151s] Level 1:colcon.colcon_core.shell:create_environment_hook('navigation', 'cmake_prefix_path')
[1.158s] INFO:colcon.colcon_core.shell:Creating environment hook '/home/user/catkin_ws/src/install/navigation/share/navigation/hook/cmake_prefix_path.ps1'
[1.158s] INFO:colcon.colcon_core.shell:Creating environment descriptor '/home/user/catkin_ws/src/install/navigation/share/navigation/hook/cmake_prefix_path.dsv'
[1.158s] INFO:colcon.colcon_core.shell:Creating environment hook '/home/user/catkin_ws/src/install/navigation/share/navigation/hook/cmake_prefix_path.sh'
[1.159s] Level 1:colcon.colcon_core.environment:checking '/home/user/catkin_ws/src/install/navigation/bin'
[1.159s] Level 1:colcon.colcon_core.environment:checking '/home/user/catkin_ws/src/install/navigation/lib/pkgconfig/navigation.pc'
[1.159s] Level 1:colcon.colcon_core.environment:checking '/home/user/catkin_ws/src/install/navigation/lib/python3.10/site-packages'
[1.159s] Level 1:colcon.colcon_core.environment:checking '/home/user/catkin_ws/src/install/navigation/bin'
[1.165s] INFO:colcon.colcon_core.shell:Creating package script '/home/user/catkin_ws/src/install/navigation/share/navigation/package.ps1'
[1.166s] INFO:colcon.colcon_core.shell:Creating package descriptor '/home/user/catkin_ws/src/install/navigation/share/navigation/package.dsv'
[1.166s] INFO:colcon.colcon_core.shell:Creating package script '/home/user/catkin_ws/src/install/navigation/share/navigation/package.sh'
[1.167s] INFO:colcon.colcon_core.shell:Creating package script '/home/user/catkin_ws/src/install/navigation/share/navigation/package.bash'
[1.167s] INFO:colcon.colcon_core.shell:Creating package script '/home/user/catkin_ws/src/install/navigation/share/navigation/package.zsh'
[1.167s] Level 1:colcon.colcon_core.environment:create_file_with_runtime_dependencies(/home/user/catkin_ws/src/install/navigation/share/colcon-core/packages/navigation)
[1.183s] Level 1:colcon.colcon_core.environment:create_environment_scripts_only(gazebo)
[1.190s] Level 1:colcon.colcon_core.environment:checking '/home/user/catkin_ws/src/install/gazebo' for CMake module files
[1.190s] Level 1:colcon.colcon_core.environment:checking '/home/user/catkin_ws/src/install/gazebo' for CMake config files
[1.190s] Level 1:colcon.colcon_core.shell:create_environment_hook('gazebo', 'cmake_prefix_path')
[1.196s] INFO:colcon.colcon_core.shell:Creating environment hook '/home/user/catkin_ws/src/install/gazebo/share/gazebo/hook/cmake_prefix_path.ps1'
[1.197s] INFO:colcon.colcon_core.shell:Creating environment descriptor '/home/user/catkin_ws/src/install/gazebo/share/gazebo/hook/cmake_prefix_path.dsv'
[1.197s] INFO:colcon.colcon_core.shell:Creating environment hook '/home/user/catkin_ws/src/install/gazebo/share/gazebo/hook/cmake_prefix_path.sh'
[1.197s] Level 1:colcon.colcon_core.environment:checking '/home/user/catkin_ws/src/install/gazebo/bin'
[1.197s] Level 1:colcon.colcon_core.environment:checking '/home/user/catkin_ws/src/install/gazebo/lib/pkgconfig/gazebo.pc'
[1.197s] Level 1:colcon.colcon_core.environment:checking '/home/user/catkin_ws/src/install/gazebo/lib/python3.10/site-packages'
[1.197s] Level 1:colcon.colcon_core.environment:checking '/home/user/catkin_ws/src/install/gazebo/bin'
[1.204s] INFO:colcon.colcon_core.shell:Creating package script '/home/user/catkin_ws/src/install/gazebo/share/gazebo/package.ps1'
[1.204s] INFO:colcon.colcon_core.shell:Creating package descriptor '/home/user/catkin_ws/src/install/gazebo/share/gazebo/package.dsv'
[1.204s] INFO:colcon.colcon_core.shell:Creating package script '/home/user/catkin_ws/src/install/gazebo/share/gazebo/package.sh'
[1.204s] INFO:colcon.colcon_core.shell:Creating package script '/home/user/catkin_ws/src/install/gazebo/share/gazebo/package.bash'
[1.204s] INFO:colcon.colcon_core.shell:Creating package script '/home/user/catkin_ws/src/install/gazebo/share/gazebo/package.zsh'
[1.205s] Level 1:colcon.colcon_core.environment:create_file_with_runtime_dependencies(/home/user/catkin_ws/src/install/gazebo/share/colcon-core/packages/gazebo)
[1.206s] DEBUG:colcon.colcon_core.event_handler.log_command:Invoked command in '/home/user/catkin_ws/src/build/description' returned '0': CMAKE_PREFIX_PATH=/opt/ros/rolling /usr/bin/cmake --build /home/user/catkin_ws/src/build/description -- -j16 -l16
[1.207s] DEBUG:colcon.colcon_core.event_handler.log_command:Invoked command in '/home/user/catkin_ws/src/build/launches' returned '0': CMAKE_PREFIX_PATH=/opt/ros/rolling /usr/bin/cmake --build /home/user/catkin_ws/src/build/launches -- -j16 -l16
[1.219s] DEBUG:colcon.colcon_core.event_handler.log_command:Invoking command in '/home/user/catkin_ws/src/build/description': CMAKE_PREFIX_PATH=/opt/ros/rolling /usr/bin/cmake --install /home/user/catkin_ws/src/build/description
[1.220s] DEBUG:colcon.colcon_core.event_handler.log_command:Invoking command in '/home/user/catkin_ws/src/build/launches': CMAKE_PREFIX_PATH=/opt/ros/rolling /usr/bin/cmake --install /home/user/catkin_ws/src/build/launches
[1.227s] Level 1:colcon.colcon_core.environment:create_environment_scripts_only(description)
[1.227s] DEBUG:colcon.colcon_core.event_handler.log_command:Invoked command in '/home/user/catkin_ws/src/build/description' returned '0': CMAKE_PREFIX_PATH=/opt/ros/rolling /usr/bin/cmake --install /home/user/catkin_ws/src/build/description
[1.234s] Level 1:colcon.colcon_core.environment:checking '/home/user/catkin_ws/src/install/description' for CMake module files
[1.234s] Level 1:colcon.colcon_core.environment:checking '/home/user/catkin_ws/src/install/description' for CMake config files
[1.235s] Level 1:colcon.colcon_core.shell:create_environment_hook('description', 'cmake_prefix_path')
[1.242s] INFO:colcon.colcon_core.shell:Creating environment hook '/home/user/catkin_ws/src/install/description/share/description/hook/cmake_prefix_path.ps1'
[1.242s] INFO:colcon.colcon_core.shell:Creating environment descriptor '/home/user/catkin_ws/src/install/description/share/description/hook/cmake_prefix_path.dsv'
[1.242s] INFO:colcon.colcon_core.shell:Creating environment hook '/home/user/catkin_ws/src/install/description/share/description/hook/cmake_prefix_path.sh'
[1.242s] Level 1:colcon.colcon_core.environment:checking '/home/user/catkin_ws/src/install/description/bin'
[1.242s] Level 1:colcon.colcon_core.environment:checking '/home/user/catkin_ws/src/install/description/lib/pkgconfig/description.pc'
[1.243s] Level 1:colcon.colcon_core.environment:checking '/home/user/catkin_ws/src/install/description/lib/python3.10/site-packages'
[1.243s] Level 1:colcon.colcon_core.environment:checking '/home/user/catkin_ws/src/install/description/bin'
[1.249s] INFO:colcon.colcon_core.shell:Creating package script '/home/user/catkin_ws/src/install/description/share/description/package.ps1'
[1.249s] INFO:colcon.colcon_core.shell:Creating package descriptor '/home/user/catkin_ws/src/install/description/share/description/package.dsv'
[1.250s] INFO:colcon.colcon_core.shell:Creating package script '/home/user/catkin_ws/src/install/description/share/description/package.sh'
[1.250s] INFO:colcon.colcon_core.shell:Creating package script '/home/user/catkin_ws/src/install/description/share/description/package.bash'
[1.250s] INFO:colcon.colcon_core.shell:Creating package script '/home/user/catkin_ws/src/install/description/share/description/package.zsh'
[1.250s] Level 1:colcon.colcon_core.environment:create_file_with_runtime_dependencies(/home/user/catkin_ws/src/install/description/share/colcon-core/packages/description)
[1.251s] Level 1:colcon.colcon_core.environment:create_environment_scripts_only(launches)
[1.251s] DEBUG:colcon.colcon_core.event_handler.log_command:Invoked command in '/home/user/catkin_ws/src/build/launches' returned '0': CMAKE_PREFIX_PATH=/opt/ros/rolling /usr/bin/cmake --install /home/user/catkin_ws/src/build/launches
[1.257s] Level 1:colcon.colcon_core.environment:checking '/home/user/catkin_ws/src/install/launches' for CMake module files
[1.258s] Level 1:colcon.colcon_core.environment:checking '/home/user/catkin_ws/src/install/launches' for CMake config files
[1.258s] Level 1:colcon.colcon_core.shell:create_environment_hook('launches', 'cmake_prefix_path')
[1.265s] INFO:colcon.colcon_core.shell:Creating environment hook '/home/user/catkin_ws/src/install/launches/share/launches/hook/cmake_prefix_path.ps1'
[1.265s] INFO:colcon.colcon_core.shell:Creating environment descriptor '/home/user/catkin_ws/src/install/launches/share/launches/hook/cmake_prefix_path.dsv'
[1.265s] INFO:colcon.colcon_core.shell:Creating environment hook '/home/user/catkin_ws/src/install/launches/share/launches/hook/cmake_prefix_path.sh'
[1.265s] Level 1:colcon.colcon_core.environment:checking '/home/user/catkin_ws/src/install/launches/bin'
[1.265s] Level 1:colcon.colcon_core.environment:checking '/home/user/catkin_ws/src/install/launches/lib/pkgconfig/launches.pc'
[1.266s] Level 1:colcon.colcon_core.environment:checking '/home/user/catkin_ws/src/install/launches/lib/python3.10/site-packages'
[1.266s] Level 1:colcon.colcon_core.environment:checking '/home/user/catkin_ws/src/install/launches/bin'
[1.272s] INFO:colcon.colcon_core.shell:Creating package script '/home/user/catkin_ws/src/install/launches/share/launches/package.ps1'
[1.273s] INFO:colcon.colcon_core.shell:Creating package descriptor '/home/user/catkin_ws/src/install/launches/share/launches/package.dsv'
[1.273s] INFO:colcon.colcon_core.shell:Creating package script '/home/user/catkin_ws/src/install/launches/share/launches/package.sh'
[1.273s] INFO:colcon.colcon_core.shell:Creating package script '/home/user/catkin_ws/src/install/launches/share/launches/package.bash'
[1.273s] INFO:colcon.colcon_core.shell:Creating package script '/home/user/catkin_ws/src/install/launches/share/launches/package.zsh'
[1.273s] Level 1:colcon.colcon_core.environment:create_file_with_runtime_dependencies(/home/user/catkin_ws/src/install/launches/share/colcon-core/packages/launches)
[1.281s] Level 1:colcon.colcon_core.environment:create_environment_scripts_only(description)
[1.288s] Level 1:colcon.colcon_core.environment:checking '/home/user/catkin_ws/src/install/description' for CMake module files
[1.288s] Level 1:colcon.colcon_core.environment:checking '/home/user/catkin_ws/src/install/description' for CMake config files
[1.288s] Level 1:colcon.colcon_core.shell:create_environment_hook('description', 'cmake_prefix_path')
[1.295s] INFO:colcon.colcon_core.shell:Creating environment hook '/home/user/catkin_ws/src/install/description/share/description/hook/cmake_prefix_path.ps1'
[1.295s] INFO:colcon.colcon_core.shell:Creating environment descriptor '/home/user/catkin_ws/src/install/description/share/description/hook/cmake_prefix_path.dsv'
[1.295s] INFO:colcon.colcon_core.shell:Creating environment hook '/home/user/catkin_ws/src/install/description/share/description/hook/cmake_prefix_path.sh'
[1.296s] Level 1:colcon.colcon_core.environment:checking '/home/user/catkin_ws/src/install/description/bin'
[1.296s] Level 1:colcon.colcon_core.environment:checking '/home/user/catkin_ws/src/install/description/lib/pkgconfig/description.pc'
[1.296s] Level 1:colcon.colcon_core.environment:checking '/home/user/catkin_ws/src/install/description/lib/python3.10/site-packages'
[1.296s] Level 1:colcon.colcon_core.environment:checking '/home/user/catkin_ws/src/install/description/bin'
[1.303s] INFO:colcon.colcon_core.shell:Creating package script '/home/user/catkin_ws/src/install/description/share/description/package.ps1'
[1.303s] INFO:colcon.colcon_core.shell:Creating package descriptor '/home/user/catkin_ws/src/install/description/share/description/package.dsv'
[1.303s] INFO:colcon.colcon_core.shell:Creating package script '/home/user/catkin_ws/src/install/description/share/description/package.sh'
[1.304s] INFO:colcon.colcon_core.shell:Creating package script '/home/user/catkin_ws/src/install/description/share/description/package.bash'
[1.304s] INFO:colcon.colcon_core.shell:Creating package script '/home/user/catkin_ws/src/install/description/share/description/package.zsh'
[1.304s] Level 1:colcon.colcon_core.environment:create_file_with_runtime_dependencies(/home/user/catkin_ws/src/install/description/share/colcon-core/packages/description)
[1.311s] Level 1:colcon.colcon_core.environment:create_environment_scripts_only(launches)
[1.318s] Level 1:colcon.colcon_core.environment:checking '/home/user/catkin_ws/src/install/launches' for CMake module files
[1.318s] Level 1:colcon.colcon_core.environment:checking '/home/user/catkin_ws/src/install/launches' for CMake config files
[1.319s] Level 1:colcon.colcon_core.shell:create_environment_hook('launches', 'cmake_prefix_path')
[1.325s] INFO:colcon.colcon_core.shell:Creating environment hook '/home/user/catkin_ws/src/install/launches/share/launches/hook/cmake_prefix_path.ps1'
[1.326s] INFO:colcon.colcon_core.shell:Creating environment descriptor '/home/user/catkin_ws/src/install/launches/share/launches/hook/cmake_prefix_path.dsv'
[1.326s] INFO:colcon.colcon_core.shell:Creating environment hook '/home/user/catkin_ws/src/install/launches/share/launches/hook/cmake_prefix_path.sh'
[1.326s] Level 1:colcon.colcon_core.environment:checking '/home/user/catkin_ws/src/install/launches/bin'
[1.326s] Level 1:colcon.colcon_core.environment:checking '/home/user/catkin_ws/src/install/launches/lib/pkgconfig/launches.pc'
[1.326s] Level 1:colcon.colcon_core.environment:checking '/home/user/catkin_ws/src/install/launches/lib/python3.10/site-packages'
[1.326s] Level 1:colcon.colcon_core.environment:checking '/home/user/catkin_ws/src/install/launches/bin'
[1.333s] INFO:colcon.colcon_core.shell:Creating package script '/home/user/catkin_ws/src/install/launches/share/launches/package.ps1'
[1.334s] INFO:colcon.colcon_core.shell:Creating package descriptor '/home/user/catkin_ws/src/install/launches/share/launches/package.dsv'
[1.334s] INFO:colcon.colcon_core.shell:Creating package script '/home/user/catkin_ws/src/install/launches/share/launches/package.sh'
[1.334s] INFO:colcon.colcon_core.shell:Creating package script '/home/user/catkin_ws/src/install/launches/share/launches/package.bash'
[1.334s] INFO:colcon.colcon_core.shell:Creating package script '/home/user/catkin_ws/src/install/launches/share/launches/package.zsh'
[1.334s] Level 1:colcon.colcon_core.environment:create_file_with_runtime_dependencies(/home/user/catkin_ws/src/install/launches/share/colcon-core/packages/launches)
[1.334s] DEBUG:colcon.colcon_parallel_executor.executor.parallel:closing loop
[1.335s] DEBUG:colcon.colcon_parallel_executor.executor.parallel:loop closed
[1.335s] DEBUG:colcon.colcon_parallel_executor.executor.parallel:run_until_complete finished with '0'
[1.335s] DEBUG:colcon.colcon_core.event_reactor:joining thread
[1.348s] INFO:colcon.colcon_core.plugin_system:Skipping extension 'colcon_notification.desktop_notification.notify_send': Could not find 'notify-send'
[1.348s] INFO:colcon.colcon_core.plugin_system:Skipping extension 'colcon_notification.desktop_notification.terminal_notifier': Not used on non-Darwin systems
[1.348s] INFO:colcon.colcon_core.plugin_system:Skipping extension 'colcon_notification.desktop_notification.win32': Not used on non-Windows systems
[1.348s] INFO:colcon.colcon_notification.desktop_notification:Sending desktop notification using 'notify2'
[1.351s] DEBUG:colcon.colcon_notification.desktop_notification.notify2:Failed to initialize notify2: org.freedesktop.DBus.Error.Spawn.ExecFailed: /usr/bin/dbus-launch terminated abnormally without any error message
[1.351s] DEBUG:colcon.colcon_core.event_reactor:joined thread
[1.358s] INFO:colcon.colcon_core.shell:Creating prefix script '/home/user/catkin_ws/src/install/local_setup.ps1'
[1.359s] INFO:colcon.colcon_core.shell:Creating prefix util module '/home/user/catkin_ws/src/install/_local_setup_util_ps1.py'
[1.360s] INFO:colcon.colcon_core.shell:Creating prefix chain script '/home/user/catkin_ws/src/install/setup.ps1'
[1.367s] INFO:colcon.colcon_core.shell:Creating prefix script '/home/user/catkin_ws/src/install/local_setup.sh'
[1.367s] INFO:colcon.colcon_core.shell:Creating prefix util module '/home/user/catkin_ws/src/install/_local_setup_util_sh.py'
[1.367s] INFO:colcon.colcon_core.shell:Creating prefix chain script '/home/user/catkin_ws/src/install/setup.sh'
[1.374s] INFO:colcon.colcon_core.shell:Creating prefix script '/home/user/catkin_ws/src/install/local_setup.bash'
[1.375s] INFO:colcon.colcon_core.shell:Creating prefix chain script '/home/user/catkin_ws/src/install/setup.bash'
[1.382s] INFO:colcon.colcon_core.shell:Creating prefix script '/home/user/catkin_ws/src/install/local_setup.zsh'
[1.382s] INFO:colcon.colcon_core.shell:Creating prefix chain script '/home/user/catkin_ws/src/install/setup.zsh'
