[0.112s] Invoking command in '/home/user/catkin_ws/src/build/description': CMAKE_PREFIX_PATH=/opt/ros/rolling /usr/bin/cmake /home/user/catkin_ws/src/description -DCMAKE_INSTALL_PREFIX=/home/user/catkin_ws/src/install/description
[0.198s] -- The C compiler identification is GNU 11.4.0
[0.261s] -- The CXX compiler identification is GNU 11.4.0
[0.267s] -- Detecting C compiler ABI info
[0.313s] -- Detecting C compiler ABI info - done
[0.321s] -- Check for working C compiler: /usr/bin/cc - skipped
[0.322s] -- Detecting C compile features
[0.322s] -- Detecting C compile features - done
[0.325s] -- Detecting CXX compiler ABI info
[0.378s] -- Detecting CXX compiler ABI info - done
[0.382s] -- Check for working CXX compiler: /usr/bin/c++ - skipped
[0.382s] -- Detecting CXX compile features
[0.383s] -- Detecting CXX compile features - done
[0.384s] -- Found ament_cmake: 2.3.0 (/opt/ros/rolling/share/ament_cmake/cmake)
[0.490s] -- Found Python3: /usr/bin/python3.10 (found version "3.10.12") found components: Interpreter 
[0.565s] -- Found ament_lint_auto: 0.16.0 (/opt/ros/rolling/share/ament_lint_auto/cmake)
[0.622s] -- Added test 'flake8' to check Python code syntax and style conventions
[0.622s] -- Configured 'flake8' exclude dirs and/or files: 
[0.622s] -- Added test 'lint_cmake' to check CMake code style
[0.623s] -- Added test 'pep257' to check Python code against some of the docstring style conventions in PEP 257
[0.625s] -- Added test 'xmllint' to check XML markup files
[0.625s] -- Configuring done
[0.627s] -- Generating done
[0.628s] -- Build files have been written to: /home/user/catkin_ws/src/build/description
[0.631s] Invoked command in '/home/user/catkin_ws/src/build/description' returned '0': CMAKE_PREFIX_PATH=/opt/ros/rolling /usr/bin/cmake /home/user/catkin_ws/src/description -DCMAKE_INSTALL_PREFIX=/home/user/catkin_ws/src/install/description
[0.632s] Invoking command in '/home/user/catkin_ws/src/build/description': CMAKE_PREFIX_PATH=/opt/ros/rolling /usr/bin/cmake --build /home/user/catkin_ws/src/build/description -- -j16 -l16
[0.655s] Invoked command in '/home/user/catkin_ws/src/build/description' returned '0': CMAKE_PREFIX_PATH=/opt/ros/rolling /usr/bin/cmake --build /home/user/catkin_ws/src/build/description -- -j16 -l16
[0.673s] Invoking command in '/home/user/catkin_ws/src/build/description': CMAKE_PREFIX_PATH=/opt/ros/rolling /usr/bin/cmake --install /home/user/catkin_ws/src/build/description
[0.677s] -- Install configuration: ""
[0.677s] -- Installing: /home/user/catkin_ws/src/install/description/share/ament_index/resource_index/package_run_dependencies/description
[0.677s] -- Installing: /home/user/catkin_ws/src/install/description/share/ament_index/resource_index/parent_prefix_path/description
[0.677s] -- Installing: /home/user/catkin_ws/src/install/description/share/description/environment/ament_prefix_path.sh
[0.677s] -- Installing: /home/user/catkin_ws/src/install/description/share/description/environment/ament_prefix_path.dsv
[0.677s] -- Installing: /home/user/catkin_ws/src/install/description/share/description/environment/path.sh
[0.677s] -- Installing: /home/user/catkin_ws/src/install/description/share/description/environment/path.dsv
[0.678s] -- Installing: /home/user/catkin_ws/src/install/description/share/description/local_setup.bash
[0.678s] -- Installing: /home/user/catkin_ws/src/install/description/share/description/local_setup.sh
[0.678s] -- Installing: /home/user/catkin_ws/src/install/description/share/description/local_setup.zsh
[0.678s] -- Installing: /home/user/catkin_ws/src/install/description/share/description/local_setup.dsv
[0.678s] -- Installing: /home/user/catkin_ws/src/install/description/share/description/package.dsv
[0.678s] -- Installing: /home/user/catkin_ws/src/install/description/share/ament_index/resource_index/packages/description
[0.678s] -- Installing: /home/user/catkin_ws/src/install/description/share/description/cmake/descriptionConfig.cmake
[0.678s] -- Installing: /home/user/catkin_ws/src/install/description/share/description/cmake/descriptionConfig-version.cmake
[0.678s] -- Installing: /home/user/catkin_ws/src/install/description/share/description/package.xml
[0.682s] Invoked command in '/home/user/catkin_ws/src/build/description' returned '0': CMAKE_PREFIX_PATH=/opt/ros/rolling /usr/bin/cmake --install /home/user/catkin_ws/src/build/description
