[0.050s] Invoking command in '/home/user/catkin_ws/src/build/messages': CMAKE_PREFIX_PATH=/opt/ros/rolling /usr/bin/cmake --build /home/user/catkin_ws/src/build/messages -- -j16 -l16
[0.105s] Invoked command in '/home/user/catkin_ws/src/build/messages' returned '0': CMAKE_PREFIX_PATH=/opt/ros/rolling /usr/bin/cmake --build /home/user/catkin_ws/src/build/messages -- -j16 -l16
[0.124s] Invoking command in '/home/user/catkin_ws/src/build/messages': CMAKE_PREFIX_PATH=/opt/ros/rolling /usr/bin/cmake --install /home/user/catkin_ws/src/build/messages
[0.129s] -- Install configuration: ""
[0.129s] -- Up-to-date: /home/user/catkin_ws/src/install/messages/share/ament_index/resource_index/package_run_dependencies/messages
[0.129s] -- Up-to-date: /home/user/catkin_ws/src/install/messages/share/ament_index/resource_index/parent_prefix_path/messages
[0.130s] -- Up-to-date: /home/user/catkin_ws/src/install/messages/share/messages/environment/ament_prefix_path.sh
[0.130s] -- Up-to-date: /home/user/catkin_ws/src/install/messages/share/messages/environment/ament_prefix_path.dsv
[0.130s] -- Up-to-date: /home/user/catkin_ws/src/install/messages/share/messages/environment/path.sh
[0.130s] -- Up-to-date: /home/user/catkin_ws/src/install/messages/share/messages/environment/path.dsv
[0.130s] -- Up-to-date: /home/user/catkin_ws/src/install/messages/share/messages/local_setup.bash
[0.130s] -- Up-to-date: /home/user/catkin_ws/src/install/messages/share/messages/local_setup.sh
[0.130s] -- Up-to-date: /home/user/catkin_ws/src/install/messages/share/messages/local_setup.zsh
[0.130s] -- Up-to-date: /home/user/catkin_ws/src/install/messages/share/messages/local_setup.dsv
[0.130s] -- Installing: /home/user/catkin_ws/src/install/messages/share/messages/package.dsv
[0.130s] -- Up-to-date: /home/user/catkin_ws/src/install/messages/share/ament_index/resource_index/packages/messages
[0.130s] -- Up-to-date: /home/user/catkin_ws/src/install/messages/share/messages/cmake/messagesConfig.cmake
[0.130s] -- Up-to-date: /home/user/catkin_ws/src/install/messages/share/messages/cmake/messagesConfig-version.cmake
[0.131s] -- Up-to-date: /home/user/catkin_ws/src/install/messages/share/messages/package.xml
[0.135s] Invoked command in '/home/user/catkin_ws/src/build/messages' returned '0': CMAKE_PREFIX_PATH=/opt/ros/rolling /usr/bin/cmake --install /home/user/catkin_ws/src/build/messages
