[0.112s] Invoking command in '/home/user/catkin_ws/src/build/description': CMAKE_PREFIX_PATH=/opt/ros/rolling /usr/bin/cmake --build /home/user/catkin_ws/src/build/description -- -j16 -l16
[0.135s] Invoked command in '/home/user/catkin_ws/src/build/description' returned '0': CMAKE_PREFIX_PATH=/opt/ros/rolling /usr/bin/cmake --build /home/user/catkin_ws/src/build/description -- -j16 -l16
[0.152s] Invoking command in '/home/user/catkin_ws/src/build/description': CMAKE_PREFIX_PATH=/opt/ros/rolling /usr/bin/cmake --install /home/user/catkin_ws/src/build/description
[0.156s] -- Install configuration: ""
[0.156s] -- Up-to-date: /home/user/catkin_ws/src/install/description/share/ament_index/resource_index/package_run_dependencies/description
[0.156s] -- Up-to-date: /home/user/catkin_ws/src/install/description/share/ament_index/resource_index/parent_prefix_path/description
[0.156s] -- Up-to-date: /home/user/catkin_ws/src/install/description/share/description/environment/ament_prefix_path.sh
[0.157s] -- Up-to-date: /home/user/catkin_ws/src/install/description/share/description/environment/ament_prefix_path.dsv
[0.157s] -- Up-to-date: /home/user/catkin_ws/src/install/description/share/description/environment/path.sh
[0.157s] -- Up-to-date: /home/user/catkin_ws/src/install/description/share/description/environment/path.dsv
[0.157s] -- Up-to-date: /home/user/catkin_ws/src/install/description/share/description/local_setup.bash
[0.157s] -- Up-to-date: /home/user/catkin_ws/src/install/description/share/description/local_setup.sh
[0.157s] -- Up-to-date: /home/user/catkin_ws/src/install/description/share/description/local_setup.zsh
[0.157s] -- Up-to-date: /home/user/catkin_ws/src/install/description/share/description/local_setup.dsv
[0.157s] -- Installing: /home/user/catkin_ws/src/install/description/share/description/package.dsv
[0.157s] -- Up-to-date: /home/user/catkin_ws/src/install/description/share/ament_index/resource_index/packages/description
[0.157s] -- Up-to-date: /home/user/catkin_ws/src/install/description/share/description/cmake/descriptionConfig.cmake
[0.157s] -- Up-to-date: /home/user/catkin_ws/src/install/description/share/description/cmake/descriptionConfig-version.cmake
[0.157s] -- Up-to-date: /home/user/catkin_ws/src/install/description/share/description/package.xml
[0.159s] Invoked command in '/home/user/catkin_ws/src/build/description' returned '0': CMAKE_PREFIX_PATH=/opt/ros/rolling /usr/bin/cmake --install /home/user/catkin_ws/src/build/description
